{"meta": {"format": 3, "version": "7.9.0", "timestamp": "2025-11-02T10:51:05.444523", "branch_coverage": false, "show_contexts": false}, "files": {"src/crypto_bot/__init__.py": {"executed_lines": [0], "summary": {"covered_lines": 0, "num_statements": 0, "percent_covered": 100.0, "percent_covered_display": "100", "missing_lines": 0, "excluded_lines": 0}, "missing_lines": [], "excluded_lines": [], "functions": {"": {"executed_lines": [], "summary": {"covered_lines": 0, "num_statements": 0, "percent_covered": 100.0, "percent_covered_display": "100", "missing_lines": 0, "excluded_lines": 0}, "missing_lines": [], "excluded_lines": []}}, "classes": {"": {"executed_lines": [], "summary": {"covered_lines": 0, "num_statements": 0, "percent_covered": 100.0, "percent_covered_display": "100", "missing_lines": 0, "excluded_lines": 0}, "missing_lines": [], "excluded_lines": []}}}, "src/crypto_bot/__main__.py": {"executed_lines": [], "summary": {"covered_lines": 0, "num_statements": 5, "percent_covered": 0.0, "percent_covered_display": "0", "missing_lines": 5, "excluded_lines": 14}, "missing_lines": [9, 10, 13, 15, 16], "excluded_lines": [18, 19, 21, 27, 28, 29, 30, 31, 32, 33, 34, 35, 36, 37], "functions": {"": {"executed_lines": [], "summary": {"covered_lines": 0, "num_statements": 5, "percent_covered": 0.0, "percent_covered_display": "0", "missing_lines": 5, "excluded_lines": 14}, "missing_lines": [9, 10, 13, 15, 16], "excluded_lines": [18, 19, 21, 27, 28, 29, 30, 31, 32, 33, 34, 35, 36, 37]}}, "classes": {"": {"executed_lines": [], "summary": {"covered_lines": 0, "num_statements": 5, "percent_covered": 0.0, "percent_covered_display": "0", "missing_lines": 5, "excluded_lines": 14}, "missing_lines": [9, 10, 13, 15, 16], "excluded_lines": [18, 19, 21, 27, 28, 29, 30, 31, 32, 33, 34, 35, 36, 37]}}}, "src/crypto_bot/application/__init__.py": {"executed_lines": [0], "summary": {"covered_lines": 0, "num_statements": 0, "percent_covered": 100.0, "percent_covered_display": "100", "missing_lines": 0, "excluded_lines": 0}, "missing_lines": [], "excluded_lines": [], "functions": {"": {"executed_lines": [], "summary": {"covered_lines": 0, "num_statements": 0, "percent_covered": 100.0, "percent_covered_display": "100", "missing_lines": 0, "excluded_lines": 0}, "missing_lines": [], "excluded_lines": []}}, "classes": {"": {"executed_lines": [], "summary": {"covered_lines": 0, "num_statements": 0, "percent_covered": 100.0, "percent_covered_display": "100", "missing_lines": 0, "excluded_lines": 0}, "missing_lines": [], "excluded_lines": []}}}, "src/crypto_bot/application/dtos/__init__.py": {"executed_lines": [1, 5, 13], "summary": {"covered_lines": 2, "num_statements": 2, "percent_covered": 100.0, "percent_covered_display": "100", "missing_lines": 0, "excluded_lines": 0}, "missing_lines": [], "excluded_lines": [], "functions": {"": {"executed_lines": [1, 5, 13], "summary": {"covered_lines": 2, "num_statements": 2, "percent_covered": 100.0, "percent_covered_display": "100", "missing_lines": 0, "excluded_lines": 0}, "missing_lines": [], "excluded_lines": []}}, "classes": {"": {"executed_lines": [1, 5, 13], "summary": {"covered_lines": 2, "num_statements": 2, "percent_covered": 100.0, "percent_covered_display": "100", "missing_lines": 0, "excluded_lines": 0}, "missing_lines": [], "excluded_lines": []}}}, "src/crypto_bot/application/dtos/order.py": {"executed_lines": [1, 5, 6, 7, 8, 11, 12, 14, 15, 18, 19, 21, 22, 25, 26, 28, 29, 30, 31, 32, 33, 34, 37, 38, 39, 49, 50, 51, 52, 54, 56, 57, 58, 59, 60, 61, 62, 63, 66, 67, 68, 82, 83, 84, 85, 86, 87, 88, 89, 91, 93, 94, 95, 96, 97, 98, 99, 103, 104, 105, 116, 117, 118, 119, 120, 122, 124, 125, 126, 127, 130, 131, 132, 157, 158, 159, 160, 161, 162, 163, 164, 165, 166, 167, 168, 169, 170, 171, 172, 173, 176, 177, 178, 192, 193, 194, 195, 196, 197, 200, 201, 202, 214, 215, 216, 217, 218, 219, 221, 223, 224, 225, 226, 227, 228, 230, 231, 232], "summary": {"covered_lines": 108, "num_statements": 109, "percent_covered": 99.08256880733946, "percent_covered_display": "99", "missing_lines": 1, "excluded_lines": 0}, "missing_lines": [100], "excluded_lines": [], "functions": {"RetryPolicy.__post_init__": {"executed_lines": [56, 57, 58, 59, 60, 61, 62, 63], "summary": {"covered_lines": 8, "num_statements": 8, "percent_covered": 100.0, "percent_covered_display": "100", "missing_lines": 0, "excluded_lines": 0}, "missing_lines": [], "excluded_lines": []}, "CreateOrderRequest.__post_init__": {"executed_lines": [93, 94, 95, 96, 97, 98, 99], "summary": {"covered_lines": 7, "num_statements": 8, "percent_covered": 87.5, "percent_covered_display": "88", "missing_lines": 1, "excluded_lines": 0}, "missing_lines": [100], "excluded_lines": []}, "CancelOrderRequest.__post_init__": {"executed_lines": [124, 125, 126, 127], "summary": {"covered_lines": 4, "num_statements": 4, "percent_covered": 100.0, "percent_covered_display": "100", "missing_lines": 0, "excluded_lines": 0}, "missing_lines": [], "excluded_lines": []}, "BalanceDTO.__post_init__": {"executed_lines": [223, 224, 225, 226, 227, 228, 230, 231, 232], "summary": {"covered_lines": 9, "num_statements": 9, "percent_covered": 100.0, "percent_covered_display": "100", "missing_lines": 0, "excluded_lines": 0}, "missing_lines": [], "excluded_lines": []}, "": {"executed_lines": [1, 5, 6, 7, 8, 11, 12, 14, 15, 18, 19, 21, 22, 25, 26, 28, 29, 30, 31, 32, 33, 34, 37, 38, 39, 49, 50, 51, 52, 54, 66, 67, 68, 82, 83, 84, 85, 86, 87, 88, 89, 91, 103, 104, 105, 116, 117, 118, 119, 120, 122, 130, 131, 132, 157, 158, 159, 160, 161, 162, 163, 164, 165, 166, 167, 168, 169, 170, 171, 172, 173, 176, 177, 178, 192, 193, 194, 195, 196, 197, 200, 201, 202, 214, 215, 216, 217, 218, 219, 221], "summary": {"covered_lines": 80, "num_statements": 80, "percent_covered": 100.0, "percent_covered_display": "100", "missing_lines": 0, "excluded_lines": 0}, "missing_lines": [], "excluded_lines": []}}, "classes": {"OrderType": {"executed_lines": [], "summary": {"covered_lines": 0, "num_statements": 0, "percent_covered": 100.0, "percent_covered_display": "100", "missing_lines": 0, "excluded_lines": 0}, "missing_lines": [], "excluded_lines": []}, "OrderSide": {"executed_lines": [], "summary": {"covered_lines": 0, "num_statements": 0, "percent_covered": 100.0, "percent_covered_display": "100", "missing_lines": 0, "excluded_lines": 0}, "missing_lines": [], "excluded_lines": []}, "OrderStatus": {"executed_lines": [], "summary": {"covered_lines": 0, "num_statements": 0, "percent_covered": 100.0, "percent_covered_display": "100", "missing_lines": 0, "excluded_lines": 0}, "missing_lines": [], "excluded_lines": []}, "RetryPolicy": {"executed_lines": [56, 57, 58, 59, 60, 61, 62, 63], "summary": {"covered_lines": 8, "num_statements": 8, "percent_covered": 100.0, "percent_covered_display": "100", "missing_lines": 0, "excluded_lines": 0}, "missing_lines": [], "excluded_lines": []}, "CreateOrderRequest": {"executed_lines": [93, 94, 95, 96, 97, 98, 99], "summary": {"covered_lines": 7, "num_statements": 8, "percent_covered": 87.5, "percent_covered_display": "88", "missing_lines": 1, "excluded_lines": 0}, "missing_lines": [100], "excluded_lines": []}, "CancelOrderRequest": {"executed_lines": [124, 125, 126, 127], "summary": {"covered_lines": 4, "num_statements": 4, "percent_covered": 100.0, "percent_covered_display": "100", "missing_lines": 0, "excluded_lines": 0}, "missing_lines": [], "excluded_lines": []}, "OrderDTO": {"executed_lines": [], "summary": {"covered_lines": 0, "num_statements": 0, "percent_covered": 100.0, "percent_covered_display": "100", "missing_lines": 0, "excluded_lines": 0}, "missing_lines": [], "excluded_lines": []}, "OrderStatusDTO": {"executed_lines": [], "summary": {"covered_lines": 0, "num_statements": 0, "percent_covered": 100.0, "percent_covered_display": "100", "missing_lines": 0, "excluded_lines": 0}, "missing_lines": [], "excluded_lines": []}, "BalanceDTO": {"executed_lines": [223, 224, 225, 226, 227, 228, 230, 231, 232], "summary": {"covered_lines": 9, "num_statements": 9, "percent_covered": 100.0, "percent_covered_display": "100", "missing_lines": 0, "excluded_lines": 0}, "missing_lines": [], "excluded_lines": []}, "": {"executed_lines": [1, 5, 6, 7, 8, 11, 12, 14, 15, 18, 19, 21, 22, 25, 26, 28, 29, 30, 31, 32, 33, 34, 37, 38, 39, 49, 50, 51, 52, 54, 66, 67, 68, 82, 83, 84, 85, 86, 87, 88, 89, 91, 103, 104, 105, 116, 117, 118, 119, 120, 122, 130, 131, 132, 157, 158, 159, 160, 161, 162, 163, 164, 165, 166, 167, 168, 169, 170, 171, 172, 173, 176, 177, 178, 192, 193, 194, 195, 196, 197, 200, 201, 202, 214, 215, 216, 217, 218, 219, 221], "summary": {"covered_lines": 80, "num_statements": 80, "percent_covered": 100.0, "percent_covered_display": "100", "missing_lines": 0, "excluded_lines": 0}, "missing_lines": [], "excluded_lines": []}}}, "src/crypto_bot/application/exceptions.py": {"executed_lines": [1, 6, 7, 9, 12, 13, 15, 18, 19, 21, 24, 25, 27, 30, 31, 33, 36, 37, 39, 42, 43, 45], "summary": {"covered_lines": 14, "num_statements": 14, "percent_covered": 100.0, "percent_covered_display": "100", "missing_lines": 0, "excluded_lines": 0}, "missing_lines": [], "excluded_lines": [], "functions": {"": {"executed_lines": [1, 6, 7, 9, 12, 13, 15, 18, 19, 21, 24, 25, 27, 30, 31, 33, 36, 37, 39, 42, 43, 45], "summary": {"covered_lines": 14, "num_statements": 14, "percent_covered": 100.0, "percent_covered_display": "100", "missing_lines": 0, "excluded_lines": 0}, "missing_lines": [], "excluded_lines": []}}, "classes": {"TradingException": {"executed_lines": [], "summary": {"covered_lines": 0, "num_statements": 0, "percent_covered": 100.0, "percent_covered_display": "100", "missing_lines": 0, "excluded_lines": 0}, "missing_lines": [], "excluded_lines": []}, "OrderNotFound": {"executed_lines": [], "summary": {"covered_lines": 0, "num_statements": 0, "percent_covered": 100.0, "percent_covered_display": "100", "missing_lines": 0, "excluded_lines": 0}, "missing_lines": [], "excluded_lines": []}, "ExchangeError": {"executed_lines": [], "summary": {"covered_lines": 0, "num_statements": 0, "percent_covered": 100.0, "percent_covered_display": "100", "missing_lines": 0, "excluded_lines": 0}, "missing_lines": [], "excluded_lines": []}, "NetworkError": {"executed_lines": [], "summary": {"covered_lines": 0, "num_statements": 0, "percent_covered": 100.0, "percent_covered_display": "100", "missing_lines": 0, "excluded_lines": 0}, "missing_lines": [], "excluded_lines": []}, "InsufficientBalance": {"executed_lines": [], "summary": {"covered_lines": 0, "num_statements": 0, "percent_covered": 100.0, "percent_covered_display": "100", "missing_lines": 0, "excluded_lines": 0}, "missing_lines": [], "excluded_lines": []}, "InvalidOrder": {"executed_lines": [], "summary": {"covered_lines": 0, "num_statements": 0, "percent_covered": 100.0, "percent_covered_display": "100", "missing_lines": 0, "excluded_lines": 0}, "missing_lines": [], "excluded_lines": []}, "RateLimitExceeded": {"executed_lines": [], "summary": {"covered_lines": 0, "num_statements": 0, "percent_covered": 100.0, "percent_covered_display": "100", "missing_lines": 0, "excluded_lines": 0}, "missing_lines": [], "excluded_lines": []}, "": {"executed_lines": [1, 6, 7, 9, 12, 13, 15, 18, 19, 21, 24, 25, 27, 30, 31, 33, 36, 37, 39, 42, 43, 45], "summary": {"covered_lines": 14, "num_statements": 14, "percent_covered": 100.0, "percent_covered_display": "100", "missing_lines": 0, "excluded_lines": 0}, "missing_lines": [], "excluded_lines": []}}}, "src/crypto_bot/application/interfaces/__init__.py": {"executed_lines": [1, 5, 7], "summary": {"covered_lines": 2, "num_statements": 2, "percent_covered": 100.0, "percent_covered_display": "100", "missing_lines": 0, "excluded_lines": 0}, "missing_lines": [], "excluded_lines": [], "functions": {"": {"executed_lines": [1, 5, 7], "summary": {"covered_lines": 2, "num_statements": 2, "percent_covered": 100.0, "percent_covered_display": "100", "missing_lines": 0, "excluded_lines": 0}, "missing_lines": [], "excluded_lines": []}}, "classes": {"": {"executed_lines": [1, 5, 7], "summary": {"covered_lines": 2, "num_statements": 2, "percent_covered": 100.0, "percent_covered_display": "100", "missing_lines": 0, "excluded_lines": 0}, "missing_lines": [], "excluded_lines": []}}}, "src/crypto_bot/application/interfaces/trading_engine.py": {"executed_lines": [1, 9, 10, 11, 13, 16, 17, 26, 27, 49, 50, 74, 75, 95, 96, 115, 116, 125, 126, 143, 144, 156, 157], "summary": {"covered_lines": 5, "num_statements": 5, "percent_covered": 100.0, "percent_covered_display": "100", "missing_lines": 0, "excluded_lines": 132}, "missing_lines": [], "excluded_lines": [26, 27, 28, 29, 30, 31, 32, 33, 34, 35, 36, 37, 38, 39, 40, 41, 42, 43, 44, 45, 46, 47, 49, 50, 51, 52, 53, 54, 55, 56, 57, 58, 59, 60, 61, 62, 63, 64, 65, 66, 67, 68, 69, 70, 71, 72, 74, 75, 76, 77, 78, 79, 80, 81, 82, 83, 84, 85, 86, 87, 88, 89, 90, 91, 92, 93, 95, 96, 97, 98, 99, 100, 101, 102, 103, 104, 105, 106, 107, 108, 109, 110, 111, 112, 113, 115, 116, 117, 118, 119, 120, 121, 122, 123, 125, 126, 127, 128, 129, 130, 131, 132, 133, 134, 135, 136, 137, 138, 139, 140, 141, 143, 144, 145, 146, 147, 148, 149, 150, 151, 152, 153, 154, 156, 157, 158, 159, 160, 161, 162, 163, 164], "functions": {"TradingEngineInterface.close_position": {"executed_lines": [], "summary": {"covered_lines": 0, "num_statements": 0, "percent_covered": 100.0, "percent_covered_display": "100", "missing_lines": 0, "excluded_lines": 15}, "missing_lines": [], "excluded_lines": [33, 34, 35, 36, 37, 38, 39, 40, 41, 42, 43, 44, 45, 46, 47]}, "TradingEngineInterface.partial_close_position": {"executed_lines": [], "summary": {"covered_lines": 0, "num_statements": 0, "percent_covered": 100.0, "percent_covered_display": "100", "missing_lines": 0, "excluded_lines": 16}, "missing_lines": [], "excluded_lines": [57, 58, 59, 60, 61, 62, 63, 64, 65, 66, 67, 68, 69, 70, 71, 72]}, "TradingEngineInterface.close_all_positions": {"executed_lines": [], "summary": {"covered_lines": 0, "num_statements": 0, "percent_covered": 100.0, "percent_covered_display": "100", "missing_lines": 0, "excluded_lines": 14}, "missing_lines": [], "excluded_lines": [80, 81, 82, 83, 84, 85, 86, 87, 88, 89, 90, 91, 92, 93]}, "TradingEngineInterface.block_new_trades": {"executed_lines": [], "summary": {"covered_lines": 0, "num_statements": 0, "percent_covered": 100.0, "percent_covered_display": "100", "missing_lines": 0, "excluded_lines": 12}, "missing_lines": [], "excluded_lines": [102, 103, 104, 105, 106, 107, 108, 109, 110, 111, 112, 113]}, "TradingEngineInterface.is_trading_blocked": {"executed_lines": [], "summary": {"covered_lines": 0, "num_statements": 0, "percent_covered": 100.0, "percent_covered_display": "100", "missing_lines": 0, "excluded_lines": 7}, "missing_lines": [], "excluded_lines": [117, 118, 119, 120, 121, 122, 123]}, "TradingEngineInterface.resume_trading": {"executed_lines": [], "summary": {"covered_lines": 0, "num_statements": 0, "percent_covered": 100.0, "percent_covered_display": "100", "missing_lines": 0, "excluded_lines": 11}, "missing_lines": [], "excluded_lines": [131, 132, 133, 134, 135, 136, 137, 138, 139, 140, 141]}, "TradingEngineInterface.get_position_size": {"executed_lines": [], "summary": {"covered_lines": 0, "num_statements": 0, "percent_covered": 100.0, "percent_covered_display": "100", "missing_lines": 0, "excluded_lines": 10}, "missing_lines": [], "excluded_lines": [145, 146, 147, 148, 149, 150, 151, 152, 153, 154]}, "TradingEngineInterface.get_account_equity": {"executed_lines": [], "summary": {"covered_lines": 0, "num_statements": 0, "percent_covered": 100.0, "percent_covered_display": "100", "missing_lines": 0, "excluded_lines": 7}, "missing_lines": [], "excluded_lines": [158, 159, 160, 161, 162, 163, 164]}, "": {"executed_lines": [1, 9, 10, 11, 13, 16, 17, 26, 27, 49, 50, 74, 75, 95, 96, 115, 116, 125, 126, 143, 144, 156, 157], "summary": {"covered_lines": 5, "num_statements": 5, "percent_covered": 100.0, "percent_covered_display": "100", "missing_lines": 0, "excluded_lines": 40}, "missing_lines": [], "excluded_lines": [26, 27, 28, 29, 30, 31, 32, 49, 50, 51, 52, 53, 54, 55, 56, 74, 75, 76, 77, 78, 79, 95, 96, 97, 98, 99, 100, 101, 115, 116, 125, 126, 127, 128, 129, 130, 143, 144, 156, 157]}}, "classes": {"TradingEngineInterface": {"executed_lines": [], "summary": {"covered_lines": 0, "num_statements": 0, "percent_covered": 100.0, "percent_covered_display": "100", "missing_lines": 0, "excluded_lines": 92}, "missing_lines": [], "excluded_lines": [33, 34, 35, 36, 37, 38, 39, 40, 41, 42, 43, 44, 45, 46, 47, 57, 58, 59, 60, 61, 62, 63, 64, 65, 66, 67, 68, 69, 70, 71, 72, 80, 81, 82, 83, 84, 85, 86, 87, 88, 89, 90, 91, 92, 93, 102, 103, 104, 105, 106, 107, 108, 109, 110, 111, 112, 113, 117, 118, 119, 120, 121, 122, 123, 131, 132, 133, 134, 135, 136, 137, 138, 139, 140, 141, 145, 146, 147, 148, 149, 150, 151, 152, 153, 154, 158, 159, 160, 161, 162, 163, 164]}, "": {"executed_lines": [1, 9, 10, 11, 13, 16, 17, 26, 27, 49, 50, 74, 75, 95, 96, 115, 116, 125, 126, 143, 144, 156, 157], "summary": {"covered_lines": 5, "num_statements": 5, "percent_covered": 100.0, "percent_covered_display": "100", "missing_lines": 0, "excluded_lines": 40}, "missing_lines": [], "excluded_lines": [26, 27, 28, 29, 30, 31, 32, 49, 50, 51, 52, 53, 54, 55, 56, 74, 75, 76, 77, 78, 79, 95, 96, 97, 98, 99, 100, 101, 115, 116, 125, 126, 127, 128, 129, 130, 143, 144, 156, 157]}}}, "src/crypto_bot/application/interfaces/trading_service.py": {"executed_lines": [1, 8, 10, 19, 20, 29, 30, 48, 49, 68, 69, 91, 92, 114, 115, 136, 137, 157, 158], "summary": {"covered_lines": 3, "num_statements": 3, "percent_covered": 100.0, "percent_covered_display": "100", "missing_lines": 0, "excluded_lines": 142}, "missing_lines": [], "excluded_lines": [29, 30, 31, 32, 33, 34, 35, 36, 37, 38, 39, 40, 41, 42, 43, 44, 45, 46, 48, 49, 50, 51, 52, 53, 54, 55, 56, 57, 58, 59, 60, 61, 62, 63, 64, 65, 66, 68, 69, 70, 71, 72, 73, 74, 75, 76, 77, 78, 79, 80, 81, 82, 83, 84, 85, 86, 87, 88, 89, 91, 92, 93, 94, 95, 96, 97, 98, 99, 100, 101, 102, 103, 104, 105, 106, 107, 108, 109, 110, 111, 112, 114, 115, 116, 117, 118, 119, 120, 121, 122, 123, 124, 125, 126, 127, 128, 129, 130, 131, 132, 133, 134, 136, 137, 138, 139, 140, 141, 142, 143, 144, 145, 146, 147, 148, 149, 150, 151, 152, 153, 154, 155, 157, 158, 159, 160, 161, 162, 163, 164, 165, 166, 167, 168, 169, 170, 171, 172, 173, 174, 175, 176], "functions": {"ITradingService.create_order": {"executed_lines": [], "summary": {"covered_lines": 0, "num_statements": 0, "percent_covered": 100.0, "percent_covered_display": "100", "missing_lines": 0, "excluded_lines": 16}, "missing_lines": [], "excluded_lines": [31, 32, 33, 34, 35, 36, 37, 38, 39, 40, 41, 42, 43, 44, 45, 46]}, "ITradingService.cancel_order": {"executed_lines": [], "summary": {"covered_lines": 0, "num_statements": 0, "percent_covered": 100.0, "percent_covered_display": "100", "missing_lines": 0, "excluded_lines": 17}, "missing_lines": [], "excluded_lines": [50, 51, 52, 53, 54, 55, 56, 57, 58, 59, 60, 61, 62, 63, 64, 65, 66]}, "ITradingService.get_order_status": {"executed_lines": [], "summary": {"covered_lines": 0, "num_statements": 0, "percent_covered": 100.0, "percent_covered_display": "100", "missing_lines": 0, "excluded_lines": 18}, "missing_lines": [], "excluded_lines": [72, 73, 74, 75, 76, 77, 78, 79, 80, 81, 82, 83, 84, 85, 86, 87, 88, 89]}, "ITradingService.get_order": {"executed_lines": [], "summary": {"covered_lines": 0, "num_statements": 0, "percent_covered": 100.0, "percent_covered_display": "100", "missing_lines": 0, "excluded_lines": 18}, "missing_lines": [], "excluded_lines": [95, 96, 97, 98, 99, 100, 101, 102, 103, 104, 105, 106, 107, 108, 109, 110, 111, 112]}, "ITradingService.get_balance": {"executed_lines": [], "summary": {"covered_lines": 0, "num_statements": 0, "percent_covered": 100.0, "percent_covered_display": "100", "missing_lines": 0, "excluded_lines": 17}, "missing_lines": [], "excluded_lines": [118, 119, 120, 121, 122, 123, 124, 125, 126, 127, 128, 129, 130, 131, 132, 133, 134]}, "ITradingService.get_open_orders": {"executed_lines": [], "summary": {"covered_lines": 0, "num_statements": 0, "percent_covered": 100.0, "percent_covered_display": "100", "missing_lines": 0, "excluded_lines": 16}, "missing_lines": [], "excluded_lines": [140, 141, 142, 143, 144, 145, 146, 147, 148, 149, 150, 151, 152, 153, 154, 155]}, "ITradingService.cancel_all_orders": {"executed_lines": [], "summary": {"covered_lines": 0, "num_statements": 0, "percent_covered": 100.0, "percent_covered_display": "100", "missing_lines": 0, "excluded_lines": 16}, "missing_lines": [], "excluded_lines": [161, 162, 163, 164, 165, 166, 167, 168, 169, 170, 171, 172, 173, 174, 175, 176]}, "": {"executed_lines": [1, 8, 10, 19, 20, 29, 30, 48, 49, 68, 69, 91, 92, 114, 115, 136, 137, 157, 158], "summary": {"covered_lines": 3, "num_statements": 3, "percent_covered": 100.0, "percent_covered_display": "100", "missing_lines": 0, "excluded_lines": 24}, "missing_lines": [], "excluded_lines": [29, 30, 48, 49, 68, 69, 70, 71, 91, 92, 93, 94, 114, 115, 116, 117, 136, 137, 138, 139, 157, 158, 159, 160]}}, "classes": {"ITradingService": {"executed_lines": [], "summary": {"covered_lines": 0, "num_statements": 0, "percent_covered": 100.0, "percent_covered_display": "100", "missing_lines": 0, "excluded_lines": 118}, "missing_lines": [], "excluded_lines": [31, 32, 33, 34, 35, 36, 37, 38, 39, 40, 41, 42, 43, 44, 45, 46, 50, 51, 52, 53, 54, 55, 56, 57, 58, 59, 60, 61, 62, 63, 64, 65, 66, 72, 73, 74, 75, 76, 77, 78, 79, 80, 81, 82, 83, 84, 85, 86, 87, 88, 89, 95, 96, 97, 98, 99, 100, 101, 102, 103, 104, 105, 106, 107, 108, 109, 110, 111, 112, 118, 119, 120, 121, 122, 123, 124, 125, 126, 127, 128, 129, 130, 131, 132, 133, 134, 140, 141, 142, 143, 144, 145, 146, 147, 148, 149, 150, 151, 152, 153, 154, 155, 161, 162, 163, 164, 165, 166, 167, 168, 169, 170, 171, 172, 173, 174, 175, 176]}, "": {"executed_lines": [1, 8, 10, 19, 20, 29, 30, 48, 49, 68, 69, 91, 92, 114, 115, 136, 137, 157, 158], "summary": {"covered_lines": 3, "num_statements": 3, "percent_covered": 100.0, "percent_covered_display": "100", "missing_lines": 0, "excluded_lines": 24}, "missing_lines": [], "excluded_lines": [29, 30, 48, 49, 68, 69, 70, 71, 91, 92, 93, 94, 114, 115, 116, 117, 136, 137, 138, 139, 157, 158, 159, 160]}}}, "src/crypto_bot/application/services/__init__.py": {"executed_lines": [1, 5, 6, 8], "summary": {"covered_lines": 3, "num_statements": 3, "percent_covered": 100.0, "percent_covered_display": "100", "missing_lines": 0, "excluded_lines": 0}, "missing_lines": [], "excluded_lines": [], "functions": {"": {"executed_lines": [1, 5, 6, 8], "summary": {"covered_lines": 3, "num_statements": 3, "percent_covered": 100.0, "percent_covered_display": "100", "missing_lines": 0, "excluded_lines": 0}, "missing_lines": [], "excluded_lines": []}}, "classes": {"": {"executed_lines": [1, 5, 6, 8], "summary": {"covered_lines": 3, "num_statements": 3, "percent_covered": 100.0, "percent_covered_display": "100", "missing_lines": 0, "excluded_lines": 0}, "missing_lines": [], "excluded_lines": []}}}, "src/crypto_bot/application/services/event_service.py": {"executed_lines": [1, 7, 8, 9, 11, 14, 19, 20, 27, 34, 36, 53, 62, 64, 81, 90, 92, 109, 118, 120, 137, 146, 148, 165, 174, 176, 193, 202, 204, 221, 230, 232, 249, 258, 260, 281, 290, 292, 305, 309, 322, 325, 332, 333, 344, 345, 346, 347, 348, 351, 352, 353, 362], "summary": {"covered_lines": 51, "num_statements": 60, "percent_covered": 85.0, "percent_covered_display": "85", "missing_lines": 9, "excluded_lines": 0}, "missing_lines": [349, 350, 354, 355, 356, 357, 358, 359, 360], "excluded_lines": [], "functions": {"EventService.__init__": {"executed_lines": [34], "summary": {"covered_lines": 1, "num_statements": 1, "percent_covered": 100.0, "percent_covered_display": "100", "missing_lines": 0, "excluded_lines": 0}, "missing_lines": [], "excluded_lines": []}, "EventService.emit_order_created": {"executed_lines": [53, 62], "summary": {"covered_lines": 2, "num_statements": 2, "percent_covered": 100.0, "percent_covered_display": "100", "missing_lines": 0, "excluded_lines": 0}, "missing_lines": [], "excluded_lines": []}, "EventService.emit_order_cancelled": {"executed_lines": [81, 90], "summary": {"covered_lines": 2, "num_statements": 2, "percent_covered": 100.0, "percent_covered_display": "100", "missing_lines": 0, "excluded_lines": 0}, "missing_lines": [], "excluded_lines": []}, "EventService.emit_order_filled": {"executed_lines": [109, 118], "summary": {"covered_lines": 2, "num_statements": 2, "percent_covered": 100.0, "percent_covered_display": "100", "missing_lines": 0, "excluded_lines": 0}, "missing_lines": [], "excluded_lines": []}, "EventService.emit_order_updated": {"executed_lines": [137, 146], "summary": {"covered_lines": 2, "num_statements": 2, "percent_covered": 100.0, "percent_covered_display": "100", "missing_lines": 0, "excluded_lines": 0}, "missing_lines": [], "excluded_lines": []}, "EventService.emit_trade_executed": {"executed_lines": [165, 174], "summary": {"covered_lines": 2, "num_statements": 2, "percent_covered": 100.0, "percent_covered_display": "100", "missing_lines": 0, "excluded_lines": 0}, "missing_lines": [], "excluded_lines": []}, "EventService.emit_position_opened": {"executed_lines": [193, 202], "summary": {"covered_lines": 2, "num_statements": 2, "percent_covered": 100.0, "percent_covered_display": "100", "missing_lines": 0, "excluded_lines": 0}, "missing_lines": [], "excluded_lines": []}, "EventService.emit_position_closed": {"executed_lines": [221, 230], "summary": {"covered_lines": 2, "num_statements": 2, "percent_covered": 100.0, "percent_covered_display": "100", "missing_lines": 0, "excluded_lines": 0}, "missing_lines": [], "excluded_lines": []}, "EventService.emit_position_updated": {"executed_lines": [249, 258], "summary": {"covered_lines": 2, "num_statements": 2, "percent_covered": 100.0, "percent_covered_display": "100", "missing_lines": 0, "excluded_lines": 0}, "missing_lines": [], "excluded_lines": []}, "EventService.emit_generic_event": {"executed_lines": [281, 290], "summary": {"covered_lines": 2, "num_statements": 2, "percent_covered": 100.0, "percent_covered_display": "100", "missing_lines": 0, "excluded_lines": 0}, "missing_lines": [], "excluded_lines": []}, "EventService.get_aggregate_events": {"executed_lines": [305], "summary": {"covered_lines": 1, "num_statements": 1, "percent_covered": 100.0, "percent_covered_display": "100", "missing_lines": 0, "excluded_lines": 0}, "missing_lines": [], "excluded_lines": []}, "EventService.replay_aggregate": {"executed_lines": [322, 325, 332, 333, 344, 345, 346, 347, 348, 351, 352, 353, 362], "summary": {"covered_lines": 13, "num_statements": 22, "percent_covered": 59.09090909090909, "percent_covered_display": "59", "missing_lines": 9, "excluded_lines": 0}, "missing_lines": [349, 350, 354, 355, 356, 357, 358, 359, 360], "excluded_lines": []}, "": {"executed_lines": [1, 7, 8, 9, 11, 14, 19, 20, 27, 36, 64, 92, 120, 148, 176, 204, 232, 260, 292, 309], "summary": {"covered_lines": 18, "num_statements": 18, "percent_covered": 100.0, "percent_covered_display": "100", "missing_lines": 0, "excluded_lines": 0}, "missing_lines": [], "excluded_lines": []}}, "classes": {"EventService": {"executed_lines": [34, 53, 62, 81, 90, 109, 118, 137, 146, 165, 174, 193, 202, 221, 230, 249, 258, 281, 290, 305, 322, 325, 332, 333, 344, 345, 346, 347, 348, 351, 352, 353, 362], "summary": {"covered_lines": 33, "num_statements": 42, "percent_covered": 78.57142857142857, "percent_covered_display": "79", "missing_lines": 9, "excluded_lines": 0}, "missing_lines": [349, 350, 354, 355, 356, 357, 358, 359, 360], "excluded_lines": []}, "": {"executed_lines": [1, 7, 8, 9, 11, 14, 19, 20, 27, 36, 64, 92, 120, 148, 176, 204, 232, 260, 292, 309], "summary": {"covered_lines": 18, "num_statements": 18, "percent_covered": 100.0, "percent_covered_display": "100", "missing_lines": 0, "excluded_lines": 0}, "missing_lines": [], "excluded_lines": []}}}, "src/crypto_bot/application/services/risk_action_handler.py": {"executed_lines": [1, 8, 9, 10, 12, 13, 15, 18, 19, 28, 35, 36, 44, 54, 56, 57, 58, 60, 61, 62, 64, 65, 70, 71, 72, 73, 74, 78, 80, 82, 83, 84, 86, 92, 94, 98, 99, 100, 104, 105, 106, 108, 115, 117, 122, 124, 125, 131, 135, 136, 138, 139, 141], "summary": {"covered_lines": 51, "num_statements": 53, "percent_covered": 96.22641509433963, "percent_covered_display": "96", "missing_lines": 2, "excluded_lines": 0}, "missing_lines": [95, 96], "excluded_lines": [], "functions": {"RiskActionHandler.__init__": {"executed_lines": [35, 36], "summary": {"covered_lines": 2, "num_statements": 2, "percent_covered": 100.0, "percent_covered_display": "100", "missing_lines": 0, "excluded_lines": 0}, "missing_lines": [], "excluded_lines": []}, "RiskActionHandler.handle_risk_evaluation": {"executed_lines": [54, 56, 57, 58, 60, 61, 62, 64, 65, 70, 71, 72, 73, 74, 78], "summary": {"covered_lines": 15, "num_statements": 15, "percent_covered": 100.0, "percent_covered_display": "100", "missing_lines": 0, "excluded_lines": 0}, "missing_lines": [], "excluded_lines": []}, "RiskActionHandler._handle_close_position": {"executed_lines": [82, 83, 84, 86], "summary": {"covered_lines": 4, "num_statements": 4, "percent_covered": 100.0, "percent_covered_display": "100", "missing_lines": 0, "excluded_lines": 0}, "missing_lines": [], "excluded_lines": []}, "RiskActionHandler._handle_reduce_position": {"executed_lines": [94, 98, 99, 100, 104, 105, 106, 108], "summary": {"covered_lines": 8, "num_statements": 10, "percent_covered": 80.0, "percent_covered_display": "80", "missing_lines": 2, "excluded_lines": 0}, "missing_lines": [95, 96], "excluded_lines": []}, "RiskActionHandler._handle_emergency_exit": {"executed_lines": [117], "summary": {"covered_lines": 1, "num_statements": 1, "percent_covered": 100.0, "percent_covered_display": "100", "missing_lines": 0, "excluded_lines": 0}, "missing_lines": [], "excluded_lines": []}, "RiskActionHandler._handle_pause_trading": {"executed_lines": [124, 125], "summary": {"covered_lines": 2, "num_statements": 2, "percent_covered": 100.0, "percent_covered_display": "100", "missing_lines": 0, "excluded_lines": 0}, "missing_lines": [], "excluded_lines": []}, "RiskActionHandler._handle_block_trade": {"executed_lines": [135, 136], "summary": {"covered_lines": 2, "num_statements": 2, "percent_covered": 100.0, "percent_covered_display": "100", "missing_lines": 0, "excluded_lines": 0}, "missing_lines": [], "excluded_lines": []}, "RiskActionHandler.trading_engine": {"executed_lines": [141], "summary": {"covered_lines": 1, "num_statements": 1, "percent_covered": 100.0, "percent_covered_display": "100", "missing_lines": 0, "excluded_lines": 0}, "missing_lines": [], "excluded_lines": []}, "": {"executed_lines": [1, 8, 9, 10, 12, 13, 15, 18, 19, 28, 44, 80, 92, 115, 122, 131, 138, 139], "summary": {"covered_lines": 16, "num_statements": 16, "percent_covered": 100.0, "percent_covered_display": "100", "missing_lines": 0, "excluded_lines": 0}, "missing_lines": [], "excluded_lines": []}}, "classes": {"RiskActionHandler": {"executed_lines": [35, 36, 54, 56, 57, 58, 60, 61, 62, 64, 65, 70, 71, 72, 73, 74, 78, 82, 83, 84, 86, 94, 98, 99, 100, 104, 105, 106, 108, 117, 124, 125, 135, 136, 141], "summary": {"covered_lines": 35, "num_statements": 37, "percent_covered": 94.5945945945946, "percent_covered_display": "95", "missing_lines": 2, "excluded_lines": 0}, "missing_lines": [95, 96], "excluded_lines": []}, "": {"executed_lines": [1, 8, 9, 10, 12, 13, 15, 18, 19, 28, 44, 80, 92, 115, 122, 131, 138, 139], "summary": {"covered_lines": 16, "num_statements": 16, "percent_covered": 100.0, "percent_covered_display": "100", "missing_lines": 0, "excluded_lines": 0}, "missing_lines": [], "excluded_lines": []}}}, "src/crypto_bot/application/services/risk_monitor.py": {"executed_lines": [1, 8, 9, 10, 12, 18, 20, 23, 24, 31, 49, 50, 51, 52, 53, 54, 57, 58, 62, 68, 69, 70, 72, 73, 74, 76, 82, 83, 84, 86, 88, 89, 90, 91, 92, 93, 95, 97, 104, 108, 114, 115, 117, 119, 120, 121, 123, 126, 129, 131, 132, 133, 143, 150, 151, 152, 153, 155, 156, 157, 160, 162, 168, 169, 170, 171, 174, 177, 178, 181, 183, 192, 199, 200, 202, 203, 204, 210, 213, 215, 220, 226, 227, 229, 245, 255, 256, 258, 268, 269, 270, 272, 279, 281, 282, 285, 288, 290, 291, 292, 299, 313, 315, 320, 321, 323, 327, 334, 350, 353, 354, 358, 370, 372, 374, 381, 382, 384, 385, 386, 388, 399, 406, 407, 408, 410, 417], "summary": {"covered_lines": 125, "num_statements": 144, "percent_covered": 86.80555555555556, "percent_covered_display": "87", "missing_lines": 19, "excluded_lines": 0}, "missing_lines": [124, 134, 135, 137, 139, 140, 141, 163, 164, 189, 190, 216, 230, 235, 238, 240, 241, 293, 371], "excluded_lines": [], "functions": {"RiskMonitor.__init__": {"executed_lines": [49, 50, 51, 52, 53, 54, 57, 58], "summary": {"covered_lines": 8, "num_statements": 8, "percent_covered": 100.0, "percent_covered_display": "100", "missing_lines": 0, "excluded_lines": 0}, "missing_lines": [], "excluded_lines": []}, "RiskMonitor.start": {"executed_lines": [68, 69, 70, 72, 73, 74], "summary": {"covered_lines": 6, "num_statements": 6, "percent_covered": 100.0, "percent_covered_display": "100", "missing_lines": 0, "excluded_lines": 0}, "missing_lines": [], "excluded_lines": []}, "RiskMonitor.stop": {"executed_lines": [82, 83, 84, 86, 88, 89, 90, 91, 92, 93, 95], "summary": {"covered_lines": 11, "num_statements": 11, "percent_covered": 100.0, "percent_covered_display": "100", "missing_lines": 0, "excluded_lines": 0}, "missing_lines": [], "excluded_lines": []}, "RiskMonitor.is_running": {"executed_lines": [104], "summary": {"covered_lines": 1, "num_statements": 1, "percent_covered": 100.0, "percent_covered_display": "100", "missing_lines": 0, "excluded_lines": 0}, "missing_lines": [], "excluded_lines": []}, "RiskMonitor._monitoring_loop": {"executed_lines": [114, 115, 117, 119, 120, 121, 123, 126, 129, 131, 132, 133], "summary": {"covered_lines": 12, "num_statements": 19, "percent_covered": 63.1578947368421, "percent_covered_display": "63", "missing_lines": 7, "excluded_lines": 0}, "missing_lines": [124, 134, 135, 137, 139, 140, 141], "excluded_lines": []}, "RiskMonitor._check_all_risks": {"executed_lines": [150, 151, 152, 153, 155, 156, 157, 160, 162, 168, 169, 170, 171, 174, 177, 178, 181], "summary": {"covered_lines": 17, "num_statements": 19, "percent_covered": 89.47368421052632, "percent_covered_display": "89", "missing_lines": 2, "excluded_lines": 0}, "missing_lines": [163, 164], "excluded_lines": []}, "RiskMonitor._check_emergency_risks_only": {"executed_lines": [], "summary": {"covered_lines": 0, "num_statements": 2, "percent_covered": 0.0, "percent_covered_display": "0", "missing_lines": 2, "excluded_lines": 0}, "missing_lines": [189, 190], "excluded_lines": []}, "RiskMonitor._check_position_risks": {"executed_lines": [199, 200, 202, 203, 204, 210, 213, 215], "summary": {"covered_lines": 8, "num_statements": 9, "percent_covered": 88.88888888888889, "percent_covered_display": "89", "missing_lines": 1, "excluded_lines": 0}, "missing_lines": [216], "excluded_lines": []}, "RiskMonitor._check_portfolio_risks": {"executed_lines": [226, 227, 229], "summary": {"covered_lines": 3, "num_statements": 8, "percent_covered": 37.5, "percent_covered_display": "38", "missing_lines": 5, "excluded_lines": 0}, "missing_lines": [230, 235, 238, 240, 241], "excluded_lines": []}, "RiskMonitor.register_action_callback": {"executed_lines": [255, 256], "summary": {"covered_lines": 2, "num_statements": 2, "percent_covered": 100.0, "percent_covered_display": "100", "missing_lines": 0, "excluded_lines": 0}, "missing_lines": [], "excluded_lines": []}, "RiskMonitor.unregister_action_callback": {"executed_lines": [268, 269, 270], "summary": {"covered_lines": 3, "num_statements": 3, "percent_covered": 100.0, "percent_covered_display": "100", "missing_lines": 0, "excluded_lines": 0}, "missing_lines": [], "excluded_lines": []}, "RiskMonitor._trigger_action_callbacks": {"executed_lines": [279, 281, 282, 285, 288, 290, 291, 292], "summary": {"covered_lines": 8, "num_statements": 9, "percent_covered": 88.88888888888889, "percent_covered_display": "89", "missing_lines": 1, "excluded_lines": 0}, "missing_lines": [293], "excluded_lines": []}, "RiskMonitor.check_new_trade": {"executed_lines": [313, 315, 320, 321, 323], "summary": {"covered_lines": 5, "num_statements": 5, "percent_covered": 100.0, "percent_covered_display": "100", "missing_lines": 0, "excluded_lines": 0}, "missing_lines": [], "excluded_lines": []}, "RiskMonitor._record_evaluation": {"executed_lines": [334, 350, 353, 354], "summary": {"covered_lines": 4, "num_statements": 4, "percent_covered": 100.0, "percent_covered_display": "100", "missing_lines": 0, "excluded_lines": 0}, "missing_lines": [], "excluded_lines": []}, "RiskMonitor.get_evaluation_history": {"executed_lines": [370, 372], "summary": {"covered_lines": 2, "num_statements": 3, "percent_covered": 66.66666666666667, "percent_covered_display": "67", "missing_lines": 1, "excluded_lines": 0}, "missing_lines": [371], "excluded_lines": []}, "RiskMonitor.get_statistics": {"executed_lines": [381, 382, 384, 385, 386, 388], "summary": {"covered_lines": 6, "num_statements": 6, "percent_covered": 100.0, "percent_covered_display": "100", "missing_lines": 0, "excluded_lines": 0}, "missing_lines": [], "excluded_lines": []}, "RiskMonitor.update_check_interval": {"executed_lines": [406, 407, 408], "summary": {"covered_lines": 3, "num_statements": 3, "percent_covered": 100.0, "percent_covered_display": "100", "missing_lines": 0, "excluded_lines": 0}, "missing_lines": [], "excluded_lines": []}, "RiskMonitor.get_risk_service": {"executed_lines": [417], "summary": {"covered_lines": 1, "num_statements": 1, "percent_covered": 100.0, "percent_covered_display": "100", "missing_lines": 0, "excluded_lines": 0}, "missing_lines": [], "excluded_lines": []}, "": {"executed_lines": [1, 8, 9, 10, 12, 18, 20, 23, 24, 31, 62, 76, 97, 108, 143, 183, 192, 220, 245, 258, 272, 299, 327, 358, 374, 399, 410], "summary": {"covered_lines": 25, "num_statements": 25, "percent_covered": 100.0, "percent_covered_display": "100", "missing_lines": 0, "excluded_lines": 0}, "missing_lines": [], "excluded_lines": []}}, "classes": {"RiskMonitor": {"executed_lines": [49, 50, 51, 52, 53, 54, 57, 58, 68, 69, 70, 72, 73, 74, 82, 83, 84, 86, 88, 89, 90, 91, 92, 93, 95, 104, 114, 115, 117, 119, 120, 121, 123, 126, 129, 131, 132, 133, 150, 151, 152, 153, 155, 156, 157, 160, 162, 168, 169, 170, 171, 174, 177, 178, 181, 199, 200, 202, 203, 204, 210, 213, 215, 226, 227, 229, 255, 256, 268, 269, 270, 279, 281, 282, 285, 288, 290, 291, 292, 313, 315, 320, 321, 323, 334, 350, 353, 354, 370, 372, 381, 382, 384, 385, 386, 388, 406, 407, 408, 417], "summary": {"covered_lines": 100, "num_statements": 119, "percent_covered": 84.03361344537815, "percent_covered_display": "84", "missing_lines": 19, "excluded_lines": 0}, "missing_lines": [124, 134, 135, 137, 139, 140, 141, 163, 164, 189, 190, 216, 230, 235, 238, 240, 241, 293, 371], "excluded_lines": []}, "": {"executed_lines": [1, 8, 9, 10, 12, 18, 20, 23, 24, 31, 62, 76, 97, 108, 143, 183, 192, 220, 245, 258, 272, 299, 327, 358, 374, 399, 410], "summary": {"covered_lines": 25, "num_statements": 25, "percent_covered": 100.0, "percent_covered_display": "100", "missing_lines": 0, "excluded_lines": 0}, "missing_lines": [], "excluded_lines": []}}}, "src/crypto_bot/application/services/risk_service.py": {"executed_lines": [1, 9, 10, 11, 12, 13, 14, 16, 17, 18, 20, 23, 24, 26, 27, 28, 29, 30, 31, 34, 35, 36, 53, 54, 55, 56, 57, 58, 59, 60, 61, 62, 63, 66, 67, 68, 79, 80, 81, 82, 83, 86, 87, 94, 101, 102, 103, 104, 105, 106, 107, 111, 118, 119, 122, 126, 128, 130, 132, 140, 141, 142, 143, 144, 146, 153, 154, 158, 168, 172, 173, 177, 181, 183, 185, 188, 192, 200, 204, 214, 218, 219, 227, 229, 231, 235, 236, 238, 239, 240, 242, 247, 261, 267, 277, 282, 288, 289, 292, 305, 306, 309, 310, 315, 316, 320, 332, 338, 352, 355, 356, 357, 359, 360, 362, 363, 365, 366, 369, 370, 371, 373, 374, 376, 377, 378, 382, 383, 384, 388, 389, 390, 394, 395, 398, 410, 414, 427, 430, 431, 432, 434, 435, 437, 438, 439, 443, 444, 445, 449, 450, 451, 455, 456, 459, 470, 476, 484, 487, 488, 491, 494, 497, 501, 504, 516, 517, 518, 519, 522, 533, 537, 547, 550, 551, 552, 555, 556, 557, 560, 561, 564, 566, 580, 581, 589, 592, 595, 596, 599, 600, 601, 604, 605, 608, 612, 623, 624, 626, 629, 630, 632, 634, 641, 642, 643, 645, 652, 654, 656, 657, 659, 666], "summary": {"covered_lines": 208, "num_statements": 218, "percent_covered": 95.41284403669725, "percent_covered_display": "95", "missing_lines": 10, "excluded_lines": 0}, "missing_lines": [169, 215, 223, 278, 283, 297, 300, 485, 562, 606], "excluded_lines": [], "functions": {"RiskService.__init__": {"executed_lines": [101, 102, 103, 104, 105, 106, 107], "summary": {"covered_lines": 7, "num_statements": 7, "percent_covered": 100.0, "percent_covered_display": "100", "missing_lines": 0, "excluded_lines": 0}, "missing_lines": [], "excluded_lines": []}, "RiskService.update_position": {"executed_lines": [118, 119, 122, 126, 128, 130], "summary": {"covered_lines": 6, "num_statements": 6, "percent_covered": 100.0, "percent_covered_display": "100", "missing_lines": 0, "excluded_lines": 0}, "missing_lines": [], "excluded_lines": []}, "RiskService.remove_position": {"executed_lines": [140, 141, 142, 143, 144], "summary": {"covered_lines": 5, "num_statements": 5, "percent_covered": 100.0, "percent_covered_display": "100", "missing_lines": 0, "excluded_lines": 0}, "missing_lines": [], "excluded_lines": []}, "RiskService.get_positions": {"executed_lines": [153, 154], "summary": {"covered_lines": 2, "num_statements": 2, "percent_covered": 100.0, "percent_covered_display": "100", "missing_lines": 0, "excluded_lines": 0}, "missing_lines": [], "excluded_lines": []}, "RiskService.check_stop_loss": {"executed_lines": [168, 172, 173, 177, 181, 183, 185, 188, 192, 200], "summary": {"covered_lines": 10, "num_statements": 11, "percent_covered": 90.9090909090909, "percent_covered_display": "91", "missing_lines": 1, "excluded_lines": 0}, "missing_lines": [169], "excluded_lines": []}, "RiskService.check_take_profit": {"executed_lines": [214, 218, 219, 227, 229, 231, 235, 236, 238, 239, 240, 242, 247, 261], "summary": {"covered_lines": 14, "num_statements": 16, "percent_covered": 87.5, "percent_covered_display": "88", "missing_lines": 2, "excluded_lines": 0}, "missing_lines": [215, 223], "excluded_lines": []}, "RiskService.check_trailing_stop": {"executed_lines": [277, 282, 288, 289, 292, 305, 306, 309, 310, 315, 316, 320, 332], "summary": {"covered_lines": 13, "num_statements": 17, "percent_covered": 76.47058823529412, "percent_covered_display": "76", "missing_lines": 4, "excluded_lines": 0}, "missing_lines": [278, 283, 297, 300], "excluded_lines": []}, "RiskService.check_exposure_limits": {"executed_lines": [352, 355, 356, 357, 359, 360, 362, 363, 365, 366, 369, 370, 371, 373, 374, 376, 377, 378, 382, 383, 384, 388, 389, 390, 394, 395, 398, 410], "summary": {"covered_lines": 28, "num_statements": 28, "percent_covered": 100.0, "percent_covered_display": "100", "missing_lines": 0, "excluded_lines": 0}, "missing_lines": [], "excluded_lines": []}, "RiskService.check_max_concurrent_trades": {"executed_lines": [427, 430, 431, 432, 434, 435, 437, 438, 439, 443, 444, 445, 449, 450, 451, 455, 456, 459, 470], "summary": {"covered_lines": 19, "num_statements": 19, "percent_covered": 100.0, "percent_covered_display": "100", "missing_lines": 0, "excluded_lines": 0}, "missing_lines": [], "excluded_lines": []}, "RiskService.check_drawdown": {"executed_lines": [484, 487, 488, 491, 494, 497, 501, 504, 516, 517, 518, 519, 522, 533], "summary": {"covered_lines": 14, "num_statements": 15, "percent_covered": 93.33333333333333, "percent_covered_display": "93", "missing_lines": 1, "excluded_lines": 0}, "missing_lines": [485], "excluded_lines": []}, "RiskService.evaluate_position_risk": {"executed_lines": [547, 550, 551, 552, 555, 556, 557, 560, 561, 564], "summary": {"covered_lines": 10, "num_statements": 11, "percent_covered": 90.9090909090909, "percent_covered_display": "91", "missing_lines": 1, "excluded_lines": 0}, "missing_lines": [562], "excluded_lines": []}, "RiskService.evaluate_new_trade_risk": {"executed_lines": [580, 581, 589, 592, 595, 596, 599, 600, 601, 604, 605, 608], "summary": {"covered_lines": 12, "num_statements": 13, "percent_covered": 92.3076923076923, "percent_covered_display": "92", "missing_lines": 1, "excluded_lines": 0}, "missing_lines": [606], "excluded_lines": []}, "RiskService._check_cooldown": {"executed_lines": [623, 624, 626, 629, 630, 632], "summary": {"covered_lines": 6, "num_statements": 6, "percent_covered": 100.0, "percent_covered_display": "100", "missing_lines": 0, "excluded_lines": 0}, "missing_lines": [], "excluded_lines": []}, "RiskService.update_equity": {"executed_lines": [641, 642, 643], "summary": {"covered_lines": 3, "num_statements": 3, "percent_covered": 100.0, "percent_covered_display": "100", "missing_lines": 0, "excluded_lines": 0}, "missing_lines": [], "excluded_lines": []}, "RiskService.is_trading_paused": {"executed_lines": [652], "summary": {"covered_lines": 1, "num_statements": 1, "percent_covered": 100.0, "percent_covered_display": "100", "missing_lines": 0, "excluded_lines": 0}, "missing_lines": [], "excluded_lines": []}, "RiskService.resume_trading": {"executed_lines": [656, 657], "summary": {"covered_lines": 2, "num_statements": 2, "percent_covered": 100.0, "percent_covered_display": "100", "missing_lines": 0, "excluded_lines": 0}, "missing_lines": [], "excluded_lines": []}, "RiskService.get_config": {"executed_lines": [666], "summary": {"covered_lines": 1, "num_statements": 1, "percent_covered": 100.0, "percent_covered_display": "100", "missing_lines": 0, "excluded_lines": 0}, "missing_lines": [], "excluded_lines": []}, "": {"executed_lines": [1, 9, 10, 11, 12, 13, 14, 16, 17, 18, 20, 23, 24, 26, 27, 28, 29, 30, 31, 34, 35, 36, 53, 54, 55, 56, 57, 58, 59, 60, 61, 62, 63, 66, 67, 68, 79, 80, 81, 82, 83, 86, 87, 94, 111, 132, 146, 158, 204, 267, 338, 414, 476, 537, 566, 612, 634, 645, 654, 659], "summary": {"covered_lines": 55, "num_statements": 55, "percent_covered": 100.0, "percent_covered_display": "100", "missing_lines": 0, "excluded_lines": 0}, "missing_lines": [], "excluded_lines": []}}, "classes": {"RiskAction": {"executed_lines": [], "summary": {"covered_lines": 0, "num_statements": 0, "percent_covered": 100.0, "percent_covered_display": "100", "missing_lines": 0, "excluded_lines": 0}, "missing_lines": [], "excluded_lines": []}, "Position": {"executed_lines": [], "summary": {"covered_lines": 0, "num_statements": 0, "percent_covered": 100.0, "percent_covered_display": "100", "missing_lines": 0, "excluded_lines": 0}, "missing_lines": [], "excluded_lines": []}, "RiskEvaluation": {"executed_lines": [], "summary": {"covered_lines": 0, "num_statements": 0, "percent_covered": 100.0, "percent_covered_display": "100", "missing_lines": 0, "excluded_lines": 0}, "missing_lines": [], "excluded_lines": []}, "RiskService": {"executed_lines": [101, 102, 103, 104, 105, 106, 107, 118, 119, 122, 126, 128, 130, 140, 141, 142, 143, 144, 153, 154, 168, 172, 173, 177, 181, 183, 185, 188, 192, 200, 214, 218, 219, 227, 229, 231, 235, 236, 238, 239, 240, 242, 247, 261, 277, 282, 288, 289, 292, 305, 306, 309, 310, 315, 316, 320, 332, 352, 355, 356, 357, 359, 360, 362, 363, 365, 366, 369, 370, 371, 373, 374, 376, 377, 378, 382, 383, 384, 388, 389, 390, 394, 395, 398, 410, 427, 430, 431, 432, 434, 435, 437, 438, 439, 443, 444, 445, 449, 450, 451, 455, 456, 459, 470, 484, 487, 488, 491, 494, 497, 501, 504, 516, 517, 518, 519, 522, 533, 547, 550, 551, 552, 555, 556, 557, 560, 561, 564, 580, 581, 589, 592, 595, 596, 599, 600, 601, 604, 605, 608, 623, 624, 626, 629, 630, 632, 641, 642, 643, 652, 656, 657, 666], "summary": {"covered_lines": 153, "num_statements": 163, "percent_covered": 93.86503067484662, "percent_covered_display": "94", "missing_lines": 10, "excluded_lines": 0}, "missing_lines": [169, 215, 223, 278, 283, 297, 300, 485, 562, 606], "excluded_lines": []}, "": {"executed_lines": [1, 9, 10, 11, 12, 13, 14, 16, 17, 18, 20, 23, 24, 26, 27, 28, 29, 30, 31, 34, 35, 36, 53, 54, 55, 56, 57, 58, 59, 60, 61, 62, 63, 66, 67, 68, 79, 80, 81, 82, 83, 86, 87, 94, 111, 132, 146, 158, 204, 267, 338, 414, 476, 537, 566, 612, 634, 645, 654, 659], "summary": {"covered_lines": 55, "num_statements": 55, "percent_covered": 100.0, "percent_covered_display": "100", "missing_lines": 0, "excluded_lines": 0}, "missing_lines": [], "excluded_lines": []}}}, "src/crypto_bot/application/services/snapshot_service.py": {"executed_lines": [1, 8, 9, 10, 12, 13, 14, 20, 27, 28, 30, 33, 34, 41, 59, 60, 61, 62, 63, 65, 66, 67, 69, 71, 72, 73, 75, 76, 77, 78, 83, 85, 86, 87, 89, 91, 92, 93, 94, 95, 96, 97, 99, 101, 103, 105, 107, 111, 112, 113, 114, 118, 121, 122, 123, 125, 129, 131, 135, 136, 137, 138, 142, 145, 146, 147, 149, 153, 155, 156, 157, 158, 159, 160, 163, 165, 166, 168, 169, 171, 174, 177, 178, 182, 185, 187, 190, 191, 192, 195, 196, 197, 202, 205, 215, 216, 217, 219, 228, 229, 234, 240, 242, 243, 244, 245, 246, 247, 250, 252, 253, 255, 256, 258, 261, 262, 265, 269, 270, 277, 278, 280, 286, 290, 291, 292, 297, 309, 312, 313, 331, 332, 337, 343, 355, 357, 358, 360, 362, 369, 370, 371, 372, 373, 374, 375, 380, 381, 384, 385, 387, 390, 392, 393, 394, 395, 396, 401, 403, 413, 414, 415, 417, 423, 425, 432, 433, 434, 435, 436, 437, 438, 439, 441, 442, 445, 446, 448, 452, 453, 459, 462, 463, 464, 466, 478, 481, 482, 484, 492], "summary": {"covered_lines": 188, "num_statements": 225, "percent_covered": 83.55555555555556, "percent_covered_display": "84", "missing_lines": 37, "excluded_lines": 0}, "missing_lines": [116, 119, 120, 126, 127, 140, 143, 144, 150, 151, 179, 183, 221, 222, 226, 236, 237, 238, 287, 315, 317, 318, 322, 324, 325, 329, 339, 340, 341, 388, 419, 420, 421, 460, 486, 487, 490], "excluded_lines": [], "functions": {"SnapshotService.__init__": {"executed_lines": [59, 60, 61, 62, 63, 65, 66, 67], "summary": {"covered_lines": 8, "num_statements": 8, "percent_covered": 100.0, "percent_covered_display": "100", "missing_lines": 0, "excluded_lines": 0}, "missing_lines": [], "excluded_lines": []}, "SnapshotService.start": {"executed_lines": [71, 72, 73, 75, 76, 77, 78], "summary": {"covered_lines": 7, "num_statements": 7, "percent_covered": 100.0, "percent_covered_display": "100", "missing_lines": 0, "excluded_lines": 0}, "missing_lines": [], "excluded_lines": []}, "SnapshotService.stop": {"executed_lines": [85, 86, 87, 89, 91, 92, 93, 94, 95, 96, 97, 99], "summary": {"covered_lines": 12, "num_statements": 12, "percent_covered": 100.0, "percent_covered_display": "100", "missing_lines": 0, "excluded_lines": 0}, "missing_lines": [], "excluded_lines": []}, "SnapshotService.is_running": {"executed_lines": [103], "summary": {"covered_lines": 1, "num_statements": 1, "percent_covered": 100.0, "percent_covered_display": "100", "missing_lines": 0, "excluded_lines": 0}, "missing_lines": [], "excluded_lines": []}, "SnapshotService._balance_snapshot_loop": {"executed_lines": [107, 111, 112, 113, 114, 118, 121, 122, 123, 125], "summary": {"covered_lines": 10, "num_statements": 15, "percent_covered": 66.66666666666667, "percent_covered_display": "67", "missing_lines": 5, "excluded_lines": 0}, "missing_lines": [116, 119, 120, 126, 127], "excluded_lines": []}, "SnapshotService._market_data_loop": {"executed_lines": [131, 135, 136, 137, 138, 142, 145, 146, 147, 149], "summary": {"covered_lines": 10, "num_statements": 15, "percent_covered": 66.66666666666667, "percent_covered_display": "67", "missing_lines": 5, "excluded_lines": 0}, "missing_lines": [140, 143, 144, 150, 151], "excluded_lines": []}, "SnapshotService._record_balance_snapshots": {"executed_lines": [155, 156, 157, 158, 159, 160, 163, 165, 166, 168, 169, 171, 174, 177, 178, 182, 185, 187, 190, 191, 192, 195, 196, 197, 202, 205, 215, 216, 217, 219, 228, 229, 234], "summary": {"covered_lines": 33, "num_statements": 41, "percent_covered": 80.48780487804878, "percent_covered_display": "80", "missing_lines": 8, "excluded_lines": 0}, "missing_lines": [179, 183, 221, 222, 226, 236, 237, 238], "excluded_lines": []}, "SnapshotService._record_market_data": {"executed_lines": [242, 243, 244, 245, 246, 247, 250, 252, 253, 255, 256, 258, 261, 262, 265, 269, 270, 277, 278, 280, 286, 290, 291, 292, 297, 309, 312, 313, 331, 332, 337], "summary": {"covered_lines": 31, "num_statements": 42, "percent_covered": 73.80952380952381, "percent_covered_display": "74", "missing_lines": 11, "excluded_lines": 0}, "missing_lines": [287, 315, 317, 318, 322, 324, 325, 329, 339, 340, 341], "excluded_lines": []}, "SnapshotService._get_enabled_exchanges": {"executed_lines": [355, 357, 358, 360], "summary": {"covered_lines": 4, "num_statements": 4, "percent_covered": 100.0, "percent_covered_display": "100", "missing_lines": 0, "excluded_lines": 0}, "missing_lines": [], "excluded_lines": []}, "SnapshotService.record_balance_snapshot_now": {"executed_lines": [369, 370, 371, 372, 373, 374, 375, 380, 381, 384, 385, 387, 390, 392, 393, 394, 395, 396, 401, 403, 413, 414, 415, 417, 423], "summary": {"covered_lines": 25, "num_statements": 29, "percent_covered": 86.20689655172414, "percent_covered_display": "86", "missing_lines": 4, "excluded_lines": 0}, "missing_lines": [388, 419, 420, 421], "excluded_lines": []}, "SnapshotService.record_market_data_now": {"executed_lines": [432, 433, 434, 435, 436, 437, 438, 439, 441, 442, 445, 446, 448, 452, 453, 459, 462, 463, 464, 466, 478, 481, 482, 484, 492], "summary": {"covered_lines": 25, "num_statements": 29, "percent_covered": 86.20689655172414, "percent_covered_display": "86", "missing_lines": 4, "excluded_lines": 0}, "missing_lines": [460, 486, 487, 490], "excluded_lines": []}, "": {"executed_lines": [1, 8, 9, 10, 12, 13, 14, 20, 27, 28, 30, 33, 34, 41, 69, 83, 101, 105, 129, 153, 240, 343, 362, 425], "summary": {"covered_lines": 22, "num_statements": 22, "percent_covered": 100.0, "percent_covered_display": "100", "missing_lines": 0, "excluded_lines": 0}, "missing_lines": [], "excluded_lines": []}}, "classes": {"SnapshotService": {"executed_lines": [59, 60, 61, 62, 63, 65, 66, 67, 71, 72, 73, 75, 76, 77, 78, 85, 86, 87, 89, 91, 92, 93, 94, 95, 96, 97, 99, 103, 107, 111, 112, 113, 114, 118, 121, 122, 123, 125, 131, 135, 136, 137, 138, 142, 145, 146, 147, 149, 155, 156, 157, 158, 159, 160, 163, 165, 166, 168, 169, 171, 174, 177, 178, 182, 185, 187, 190, 191, 192, 195, 196, 197, 202, 205, 215, 216, 217, 219, 228, 229, 234, 242, 243, 244, 245, 246, 247, 250, 252, 253, 255, 256, 258, 261, 262, 265, 269, 270, 277, 278, 280, 286, 290, 291, 292, 297, 309, 312, 313, 331, 332, 337, 355, 357, 358, 360, 369, 370, 371, 372, 373, 374, 375, 380, 381, 384, 385, 387, 390, 392, 393, 394, 395, 396, 401, 403, 413, 414, 415, 417, 423, 432, 433, 434, 435, 436, 437, 438, 439, 441, 442, 445, 446, 448, 452, 453, 459, 462, 463, 464, 466, 478, 481, 482, 484, 492], "summary": {"covered_lines": 166, "num_statements": 203, "percent_covered": 81.77339901477832, "percent_covered_display": "82", "missing_lines": 37, "excluded_lines": 0}, "missing_lines": [116, 119, 120, 126, 127, 140, 143, 144, 150, 151, 179, 183, 221, 222, 226, 236, 237, 238, 287, 315, 317, 318, 322, 324, 325, 329, 339, 340, 341, 388, 419, 420, 421, 460, 486, 487, 490], "excluded_lines": []}, "": {"executed_lines": [1, 8, 9, 10, 12, 13, 14, 20, 27, 28, 30, 33, 34, 41, 69, 83, 101, 105, 129, 153, 240, 343, 362, 425], "summary": {"covered_lines": 22, "num_statements": 22, "percent_covered": 100.0, "percent_covered_display": "100", "missing_lines": 0, "excluded_lines": 0}, "missing_lines": [], "excluded_lines": []}}}, "src/crypto_bot/application/services/strategy_orchestrator.py": {"executed_lines": [1, 9, 10, 11, 12, 14, 16, 23, 24, 25, 26, 27, 28, 29, 30, 31, 32, 34, 38, 49, 50, 56, 76, 77, 78, 79, 80, 81, 82, 83, 84, 85, 86, 87, 88, 91, 92, 99, 121, 122, 123, 124, 125, 126, 127, 130, 131, 132, 133, 134, 136, 138, 139, 142, 144, 151, 158, 159, 161, 162, 163, 165, 171, 172, 174, 177, 178, 179, 180, 181, 182, 185, 186, 190, 191, 193, 195, 203, 204, 205, 208, 212, 218, 223, 224, 225, 228, 229, 232, 233, 234, 244, 245, 249, 252, 253, 254, 255, 258, 259, 260, 261, 262, 265, 266, 269, 274, 278, 279, 280, 289, 301, 303, 304, 306, 307, 308, 313, 316, 317, 318, 319, 321, 322, 326, 329, 330, 331, 342, 351, 363, 365, 374, 375, 376, 377, 378, 380, 382, 392, 395, 397, 398, 399, 401, 414, 415, 417, 426, 428, 429, 430, 435, 438, 441, 444, 445, 447, 455, 456, 457, 458, 460, 473, 474, 481, 496, 497, 498, 500, 501, 503, 509, 512, 515, 519, 520, 521, 524, 526, 533, 535, 549, 551, 552, 554, 555, 558, 568, 570, 571, 581, 582, 584, 594, 596, 606, 607, 609, 616, 618, 625, 628, 630, 633, 634, 636, 638, 639, 641, 645, 646, 647, 653, 658, 661, 666, 673, 675, 689, 702, 709, 710, 712, 714, 720, 724, 728, 730, 748, 755, 756, 759, 760, 766, 768, 770, 777, 779, 781, 782, 785, 786, 787, 789, 797, 800, 812, 813, 815, 824, 825, 826, 828], "summary": {"covered_lines": 251, "num_statements": 280, "percent_covered": 89.64285714285714, "percent_covered_display": "90", "missing_lines": 29, "excluded_lines": 0}, "missing_lines": [213, 214, 215, 236, 276, 281, 282, 287, 332, 333, 339, 353, 354, 510, 537, 538, 539, 547, 626, 680, 681, 691, 692, 700, 721, 737, 738, 746, 790], "excluded_lines": [], "functions": {"StrategyExecutionContext.__init__": {"executed_lines": [76, 77, 78, 79, 80, 81, 82, 83, 84, 85, 86, 87, 88], "summary": {"covered_lines": 13, "num_statements": 13, "percent_covered": 100.0, "percent_covered_display": "100", "missing_lines": 0, "excluded_lines": 0}, "missing_lines": [], "excluded_lines": []}, "StrategyOrchestrator.__init__": {"executed_lines": [121, 122, 123, 124, 125, 126, 127, 130, 131, 132, 133, 134, 136, 138, 139, 142, 144], "summary": {"covered_lines": 17, "num_statements": 17, "percent_covered": 100.0, "percent_covered_display": "100", "missing_lines": 0, "excluded_lines": 0}, "missing_lines": [], "excluded_lines": []}, "StrategyOrchestrator.start": {"executed_lines": [158, 159, 161, 162, 163], "summary": {"covered_lines": 5, "num_statements": 5, "percent_covered": 100.0, "percent_covered_display": "100", "missing_lines": 0, "excluded_lines": 0}, "missing_lines": [], "excluded_lines": []}, "StrategyOrchestrator.stop": {"executed_lines": [171, 172, 174, 177, 178, 179, 180, 181, 182, 185, 186, 190, 191, 193], "summary": {"covered_lines": 14, "num_statements": 14, "percent_covered": 100.0, "percent_covered_display": "100", "missing_lines": 0, "excluded_lines": 0}, "missing_lines": [], "excluded_lines": []}, "StrategyOrchestrator._scheduler_loop": {"executed_lines": [203, 204, 205, 208, 212, 218, 223, 224, 225, 228, 229, 232, 233, 234, 244, 245, 249, 252, 253, 254, 255, 258, 259, 260, 261, 262, 265, 266, 269, 274, 278, 279, 280], "summary": {"covered_lines": 33, "num_statements": 41, "percent_covered": 80.48780487804878, "percent_covered_display": "80", "missing_lines": 8, "excluded_lines": 0}, "missing_lines": [213, 214, 215, 236, 276, 281, 282, 287], "excluded_lines": []}, "StrategyOrchestrator._create_execution_contexts": {"executed_lines": [301, 303, 304, 306, 307, 308, 313, 316, 317, 318, 319, 321, 322, 326, 329, 330, 331, 342, 351, 363], "summary": {"covered_lines": 20, "num_statements": 25, "percent_covered": 80.0, "percent_covered_display": "80", "missing_lines": 5, "excluded_lines": 0}, "missing_lines": [332, 333, 339, 353, 354], "excluded_lines": []}, "StrategyOrchestrator._run_strategy_with_semaphore": {"executed_lines": [374, 375, 376, 377, 378, 380], "summary": {"covered_lines": 6, "num_statements": 6, "percent_covered": 100.0, "percent_covered_display": "100", "missing_lines": 0, "excluded_lines": 0}, "missing_lines": [], "excluded_lines": []}, "StrategyOrchestrator._run_strategy_with_tracking": {"executed_lines": [392, 395, 397, 398, 399], "summary": {"covered_lines": 5, "num_statements": 5, "percent_covered": 100.0, "percent_covered_display": "100", "missing_lines": 0, "excluded_lines": 0}, "missing_lines": [], "excluded_lines": []}, "StrategyOrchestrator._run_strategy": {"executed_lines": [414, 415, 417, 426, 428, 429, 430, 435, 438, 441, 444, 445, 447, 455, 456, 457, 458, 460, 473, 474], "summary": {"covered_lines": 20, "num_statements": 20, "percent_covered": 100.0, "percent_covered_display": "100", "missing_lines": 0, "excluded_lines": 0}, "missing_lines": [], "excluded_lines": []}, "StrategyOrchestrator._fetch_market_data": {"executed_lines": [496, 497, 498, 500, 501, 503, 509, 512, 515, 519, 520, 521, 524, 526, 533, 535, 549, 551, 552, 554, 555, 558, 568, 570, 571, 581, 582], "summary": {"covered_lines": 27, "num_statements": 32, "percent_covered": 84.375, "percent_covered_display": "84", "missing_lines": 5, "excluded_lines": 0}, "missing_lines": [510, 537, 538, 539, 547], "excluded_lines": []}, "StrategyOrchestrator._get_strategy_key": {"executed_lines": [594], "summary": {"covered_lines": 1, "num_statements": 1, "percent_covered": 100.0, "percent_covered_display": "100", "missing_lines": 0, "excluded_lines": 0}, "missing_lines": [], "excluded_lines": []}, "StrategyOrchestrator._increment_error_count": {"executed_lines": [606, 607], "summary": {"covered_lines": 2, "num_statements": 2, "percent_covered": 100.0, "percent_covered_display": "100", "missing_lines": 0, "excluded_lines": 0}, "missing_lines": [], "excluded_lines": []}, "StrategyOrchestrator._reset_error_count": {"executed_lines": [616], "summary": {"covered_lines": 1, "num_statements": 1, "percent_covered": 100.0, "percent_covered_display": "100", "missing_lines": 0, "excluded_lines": 0}, "missing_lines": [], "excluded_lines": []}, "StrategyOrchestrator._compute_indicators": {"executed_lines": [625, 628, 630, 633, 634, 636, 638, 639, 641, 645, 646, 647, 653, 658, 661, 666, 673, 675, 689], "summary": {"covered_lines": 19, "num_statements": 25, "percent_covered": 76.0, "percent_covered_display": "76", "missing_lines": 6, "excluded_lines": 0}, "missing_lines": [626, 680, 681, 691, 692, 700], "excluded_lines": []}, "StrategyOrchestrator._generate_signal": {"executed_lines": [709, 710, 712, 714, 720, 724, 728, 730], "summary": {"covered_lines": 8, "num_statements": 12, "percent_covered": 66.66666666666667, "percent_covered_display": "67", "missing_lines": 4, "excluded_lines": 0}, "missing_lines": [721, 737, 738, 746], "excluded_lines": []}, "StrategyOrchestrator._execute_trade": {"executed_lines": [755, 756, 759, 760, 766, 768, 770, 777, 779, 781, 782, 785, 786, 787, 789, 797, 800, 812, 813, 815, 824, 825, 826, 828], "summary": {"covered_lines": 24, "num_statements": 25, "percent_covered": 96.0, "percent_covered_display": "96", "missing_lines": 1, "excluded_lines": 0}, "missing_lines": [790], "excluded_lines": []}, "": {"executed_lines": [1, 9, 10, 11, 12, 14, 16, 23, 24, 25, 26, 27, 28, 29, 30, 31, 32, 34, 38, 49, 50, 56, 91, 92, 99, 151, 165, 195, 289, 365, 382, 401, 481, 584, 596, 609, 618, 702, 748], "summary": {"covered_lines": 36, "num_statements": 36, "percent_covered": 100.0, "percent_covered_display": "100", "missing_lines": 0, "excluded_lines": 0}, "missing_lines": [], "excluded_lines": []}}, "classes": {"StrategyExecutionContext": {"executed_lines": [76, 77, 78, 79, 80, 81, 82, 83, 84, 85, 86, 87, 88], "summary": {"covered_lines": 13, "num_statements": 13, "percent_covered": 100.0, "percent_covered_display": "100", "missing_lines": 0, "excluded_lines": 0}, "missing_lines": [], "excluded_lines": []}, "StrategyOrchestrator": {"executed_lines": [121, 122, 123, 124, 125, 126, 127, 130, 131, 132, 133, 134, 136, 138, 139, 142, 144, 158, 159, 161, 162, 163, 171, 172, 174, 177, 178, 179, 180, 181, 182, 185, 186, 190, 191, 193, 203, 204, 205, 208, 212, 218, 223, 224, 225, 228, 229, 232, 233, 234, 244, 245, 249, 252, 253, 254, 255, 258, 259, 260, 261, 262, 265, 266, 269, 274, 278, 279, 280, 301, 303, 304, 306, 307, 308, 313, 316, 317, 318, 319, 321, 322, 326, 329, 330, 331, 342, 351, 363, 374, 375, 376, 377, 378, 380, 392, 395, 397, 398, 399, 414, 415, 417, 426, 428, 429, 430, 435, 438, 441, 444, 445, 447, 455, 456, 457, 458, 460, 473, 474, 496, 497, 498, 500, 501, 503, 509, 512, 515, 519, 520, 521, 524, 526, 533, 535, 549, 551, 552, 554, 555, 558, 568, 570, 571, 581, 582, 594, 606, 607, 616, 625, 628, 630, 633, 634, 636, 638, 639, 641, 645, 646, 647, 653, 658, 661, 666, 673, 675, 689, 709, 710, 712, 714, 720, 724, 728, 730, 755, 756, 759, 760, 766, 768, 770, 777, 779, 781, 782, 785, 786, 787, 789, 797, 800, 812, 813, 815, 824, 825, 826, 828], "summary": {"covered_lines": 202, "num_statements": 231, "percent_covered": 87.44588744588745, "percent_covered_display": "87", "missing_lines": 29, "excluded_lines": 0}, "missing_lines": [213, 214, 215, 236, 276, 281, 282, 287, 332, 333, 339, 353, 354, 510, 537, 538, 539, 547, 626, 680, 681, 691, 692, 700, 721, 737, 738, 746, 790], "excluded_lines": []}, "": {"executed_lines": [1, 9, 10, 11, 12, 14, 16, 23, 24, 25, 26, 27, 28, 29, 30, 31, 32, 34, 38, 49, 50, 56, 91, 92, 99, 151, 165, 195, 289, 365, 382, 401, 481, 584, 596, 609, 618, 702, 748], "summary": {"covered_lines": 36, "num_statements": 36, "percent_covered": 100.0, "percent_covered_display": "100", "missing_lines": 0, "excluded_lines": 0}, "missing_lines": [], "excluded_lines": []}}}, "src/crypto_bot/application/services/trading_service.py": {"executed_lines": [1, 9, 10, 11, 12, 13, 15, 17, 28, 37, 38, 40, 43, 44, 51, 53, 54, 56, 64, 65, 66, 74, 75, 77, 78, 86, 91, 92, 99, 102, 104, 105, 106, 107, 114, 116, 129, 130, 135, 137, 157, 158, 160, 161, 162, 163, 165, 168, 174, 175, 178, 187, 188, 189, 190, 191, 194, 198, 209, 210, 211, 212, 213, 214, 215, 216, 217, 219, 220, 224, 235, 243, 248, 249, 250, 251, 256, 257, 258, 261, 262, 267, 268, 269, 270, 273, 274, 280, 300, 316, 319, 321, 323, 324, 331, 339, 341, 349, 358, 360, 361, 362, 365, 366, 368, 385, 387, 389, 390, 391, 397, 398, 402, 403, 405, 412, 413, 415, 435, 436, 445, 465, 467, 468, 469, 471, 473, 479, 481, 482, 484, 503, 505, 506, 507, 509, 511, 514, 515, 525, 526, 527, 529, 530, 538, 540, 541, 543, 561, 563, 564, 565, 567, 569, 570, 575, 594, 597, 598, 599, 600, 605, 606, 612, 618, 620, 622, 623, 624, 625, 631, 635], "summary": {"covered_lines": 170, "num_statements": 186, "percent_covered": 91.39784946236558, "percent_covered_display": "91", "missing_lines": 16, "excluded_lines": 0}, "missing_lines": [112, 131, 218, 222, 395, 406, 409, 512, 572, 573, 607, 608, 626, 627, 633, 642], "excluded_lines": [], "functions": {"TradingService.__init__": {"executed_lines": [53, 54], "summary": {"covered_lines": 2, "num_statements": 2, "percent_covered": 100.0, "percent_covered_display": "100", "missing_lines": 0, "excluded_lines": 0}, "missing_lines": [], "excluded_lines": []}, "TradingService._initialize_exchanges": {"executed_lines": [64, 65, 66, 74, 75, 77, 78, 86, 91, 92, 99, 102, 104, 105, 106, 107, 114], "summary": {"covered_lines": 17, "num_statements": 18, "percent_covered": 94.44444444444444, "percent_covered_display": "94", "missing_lines": 1, "excluded_lines": 0}, "missing_lines": [112], "excluded_lines": []}, "TradingService._get_exchange": {"executed_lines": [129, 130, 135], "summary": {"covered_lines": 3, "num_statements": 4, "percent_covered": 75.0, "percent_covered_display": "75", "missing_lines": 1, "excluded_lines": 0}, "missing_lines": [131], "excluded_lines": []}, "TradingService._retry_with_backoff": {"executed_lines": [157, 158, 160, 161, 162, 163, 165, 168, 174, 175, 178, 187, 188, 189, 190, 191, 194], "summary": {"covered_lines": 17, "num_statements": 17, "percent_covered": 100.0, "percent_covered_display": "100", "missing_lines": 0, "excluded_lines": 0}, "missing_lines": [], "excluded_lines": []}, "TradingService._handle_ccxt_exception": {"executed_lines": [209, 210, 211, 212, 213, 214, 215, 216, 217, 219, 220], "summary": {"covered_lines": 11, "num_statements": 13, "percent_covered": 84.61538461538461, "percent_covered_display": "85", "missing_lines": 2, "excluded_lines": 0}, "missing_lines": [218, 222], "excluded_lines": []}, "TradingService._ccxt_order_to_dto": {"executed_lines": [235, 243, 248, 249, 250, 251, 256, 257, 258, 261, 262, 267, 268, 269, 270, 273, 274, 280], "summary": {"covered_lines": 18, "num_statements": 18, "percent_covered": 100.0, "percent_covered_display": "100", "missing_lines": 0, "excluded_lines": 0}, "missing_lines": [], "excluded_lines": []}, "TradingService.create_order": {"executed_lines": [316, 319, 321, 339, 341, 349, 358, 360, 361, 362, 365, 366], "summary": {"covered_lines": 12, "num_statements": 12, "percent_covered": 100.0, "percent_covered_display": "100", "missing_lines": 0, "excluded_lines": 0}, "missing_lines": [], "excluded_lines": []}, "TradingService.create_order._create": {"executed_lines": [323, 324, 331], "summary": {"covered_lines": 3, "num_statements": 3, "percent_covered": 100.0, "percent_covered_display": "100", "missing_lines": 0, "excluded_lines": 0}, "missing_lines": [], "excluded_lines": []}, "TradingService.cancel_order": {"executed_lines": [385, 387, 397, 398, 402, 403, 405, 412, 413], "summary": {"covered_lines": 9, "num_statements": 11, "percent_covered": 81.81818181818181, "percent_covered_display": "82", "missing_lines": 2, "excluded_lines": 0}, "missing_lines": [406, 409], "excluded_lines": []}, "TradingService.cancel_order._cancel": {"executed_lines": [389, 390, 391], "summary": {"covered_lines": 3, "num_statements": 4, "percent_covered": 75.0, "percent_covered_display": "75", "missing_lines": 1, "excluded_lines": 0}, "missing_lines": [395], "excluded_lines": []}, "TradingService.get_order_status": {"executed_lines": [435, 436], "summary": {"covered_lines": 2, "num_statements": 2, "percent_covered": 100.0, "percent_covered_display": "100", "missing_lines": 0, "excluded_lines": 0}, "missing_lines": [], "excluded_lines": []}, "TradingService.get_order": {"executed_lines": [465, 467, 468, 469, 471, 473, 479, 481, 482], "summary": {"covered_lines": 9, "num_statements": 9, "percent_covered": 100.0, "percent_covered_display": "100", "missing_lines": 0, "excluded_lines": 0}, "missing_lines": [], "excluded_lines": []}, "TradingService.get_balance": {"executed_lines": [503, 505, 506, 507, 509, 511, 514, 515, 525, 526, 527, 529, 530, 538, 540, 541], "summary": {"covered_lines": 16, "num_statements": 17, "percent_covered": 94.11764705882354, "percent_covered_display": "94", "missing_lines": 1, "excluded_lines": 0}, "missing_lines": [512], "excluded_lines": []}, "TradingService.get_open_orders": {"executed_lines": [561, 563, 564, 565, 567, 569, 570], "summary": {"covered_lines": 7, "num_statements": 9, "percent_covered": 77.77777777777777, "percent_covered_display": "78", "missing_lines": 2, "excluded_lines": 0}, "missing_lines": [572, 573], "excluded_lines": []}, "TradingService.cancel_all_orders": {"executed_lines": [594, 597, 598, 599, 600, 605, 606, 612, 618], "summary": {"covered_lines": 9, "num_statements": 11, "percent_covered": 81.81818181818181, "percent_covered_display": "82", "missing_lines": 2, "excluded_lines": 0}, "missing_lines": [607, 608], "excluded_lines": []}, "TradingService.close": {"executed_lines": [622, 623, 624, 625], "summary": {"covered_lines": 4, "num_statements": 6, "percent_covered": 66.66666666666667, "percent_covered_display": "67", "missing_lines": 2, "excluded_lines": 0}, "missing_lines": [626, 627], "excluded_lines": []}, "TradingService.__aenter__": {"executed_lines": [], "summary": {"covered_lines": 0, "num_statements": 1, "percent_covered": 0.0, "percent_covered_display": "0", "missing_lines": 1, "excluded_lines": 0}, "missing_lines": [633], "excluded_lines": []}, "TradingService.__aexit__": {"executed_lines": [], "summary": {"covered_lines": 0, "num_statements": 1, "percent_covered": 0.0, "percent_covered_display": "0", "missing_lines": 1, "excluded_lines": 0}, "missing_lines": [642], "excluded_lines": []}, "": {"executed_lines": [1, 9, 10, 11, 12, 13, 15, 17, 28, 37, 38, 40, 43, 44, 51, 56, 116, 137, 198, 224, 300, 368, 415, 445, 484, 543, 575, 620, 631, 635], "summary": {"covered_lines": 28, "num_statements": 28, "percent_covered": 100.0, "percent_covered_display": "100", "missing_lines": 0, "excluded_lines": 0}, "missing_lines": [], "excluded_lines": []}}, "classes": {"TradingService": {"executed_lines": [53, 54, 64, 65, 66, 74, 75, 77, 78, 86, 91, 92, 99, 102, 104, 105, 106, 107, 114, 129, 130, 135, 157, 158, 160, 161, 162, 163, 165, 168, 174, 175, 178, 187, 188, 189, 190, 191, 194, 209, 210, 211, 212, 213, 214, 215, 216, 217, 219, 220, 235, 243, 248, 249, 250, 251, 256, 257, 258, 261, 262, 267, 268, 269, 270, 273, 274, 280, 316, 319, 321, 323, 324, 331, 339, 341, 349, 358, 360, 361, 362, 365, 366, 385, 387, 389, 390, 391, 397, 398, 402, 403, 405, 412, 413, 435, 436, 465, 467, 468, 469, 471, 473, 479, 481, 482, 503, 505, 506, 507, 509, 511, 514, 515, 525, 526, 527, 529, 530, 538, 540, 541, 561, 563, 564, 565, 567, 569, 570, 594, 597, 598, 599, 600, 605, 606, 612, 618, 622, 623, 624, 625], "summary": {"covered_lines": 142, "num_statements": 158, "percent_covered": 89.87341772151899, "percent_covered_display": "90", "missing_lines": 16, "excluded_lines": 0}, "missing_lines": [112, 131, 218, 222, 395, 406, 409, 512, 572, 573, 607, 608, 626, 627, 633, 642], "excluded_lines": []}, "": {"executed_lines": [1, 9, 10, 11, 12, 13, 15, 17, 28, 37, 38, 40, 43, 44, 51, 56, 116, 137, 198, 224, 300, 368, 415, 445, 484, 543, 575, 620, 631, 635], "summary": {"covered_lines": 28, "num_statements": 28, "percent_covered": 100.0, "percent_covered_display": "100", "missing_lines": 0, "excluded_lines": 0}, "missing_lines": [], "excluded_lines": []}}}, "src/crypto_bot/application/use_cases/__init__.py": {"executed_lines": [], "summary": {"covered_lines": 0, "num_statements": 0, "percent_covered": 100.0, "percent_covered_display": "100", "missing_lines": 0, "excluded_lines": 0}, "missing_lines": [], "excluded_lines": [], "functions": {"": {"executed_lines": [], "summary": {"covered_lines": 0, "num_statements": 0, "percent_covered": 100.0, "percent_covered_display": "100", "missing_lines": 0, "excluded_lines": 0}, "missing_lines": [], "excluded_lines": []}}, "classes": {"": {"executed_lines": [], "summary": {"covered_lines": 0, "num_statements": 0, "percent_covered": 100.0, "percent_covered_display": "100", "missing_lines": 0, "excluded_lines": 0}, "missing_lines": [], "excluded_lines": []}}}, "src/crypto_bot/config/__init__.py": {"executed_lines": [1, 9, 10, 32, 34], "summary": {"covered_lines": 4, "num_statements": 4, "percent_covered": 100.0, "percent_covered_display": "100", "missing_lines": 0, "excluded_lines": 0}, "missing_lines": [], "excluded_lines": [], "functions": {"": {"executed_lines": [1, 9, 10, 32, 34], "summary": {"covered_lines": 4, "num_statements": 4, "percent_covered": 100.0, "percent_covered_display": "100", "missing_lines": 0, "excluded_lines": 0}, "missing_lines": [], "excluded_lines": []}}, "classes": {"": {"executed_lines": [1, 9, 10, 32, 34], "summary": {"covered_lines": 4, "num_statements": 4, "percent_covered": 100.0, "percent_covered_display": "100", "missing_lines": 0, "excluded_lines": 0}, "missing_lines": [], "excluded_lines": []}}}, "src/crypto_bot/config/loader.py": {"executed_lines": [1, 5, 6, 7, 9, 10, 12, 15, 16, 24, 35, 38, 43, 44, 47, 48, 50, 53, 54, 55, 60, 62, 63, 65, 66, 68, 70, 79, 81, 82, 87, 89, 91, 93, 108, 109, 110, 111, 114, 115, 118, 119, 122, 123, 128, 129, 132, 133, 136, 137, 142, 143, 144, 145, 148, 149, 152, 153, 158, 159, 164, 165, 169, 171, 183, 184, 187, 188, 189, 190, 193, 196, 197, 198, 199, 201, 204, 215, 216], "summary": {"covered_lines": 77, "num_statements": 79, "percent_covered": 97.46835443037975, "percent_covered_display": "97", "missing_lines": 2, "excluded_lines": 0}, "missing_lines": [40, 41], "excluded_lines": [], "functions": {"ConfigLoader.__init__": {"executed_lines": [35, 38, 43, 44, 47, 48, 50, 53, 54, 55], "summary": {"covered_lines": 10, "num_statements": 12, "percent_covered": 83.33333333333333, "percent_covered_display": "83", "missing_lines": 2, "excluded_lines": 0}, "missing_lines": [40, 41], "excluded_lines": []}, "ConfigLoader._load_yaml": {"executed_lines": [62, 63, 65, 66, 68], "summary": {"covered_lines": 5, "num_statements": 5, "percent_covered": 100.0, "percent_covered_display": "100", "missing_lines": 0, "excluded_lines": 0}, "missing_lines": [], "excluded_lines": []}, "ConfigLoader._deep_merge": {"executed_lines": [79, 81, 82, 87, 89, 91], "summary": {"covered_lines": 6, "num_statements": 6, "percent_covered": 100.0, "percent_covered_display": "100", "missing_lines": 0, "excluded_lines": 0}, "missing_lines": [], "excluded_lines": []}, "ConfigLoader._overlay_env_vars": {"executed_lines": [108, 109, 110, 111, 114, 115, 118, 119, 122, 123, 128, 129, 132, 133, 136, 137, 142, 143, 144, 145, 148, 149, 152, 153, 158, 159, 164, 165, 169], "summary": {"covered_lines": 29, "num_statements": 29, "percent_covered": 100.0, "percent_covered_display": "100", "missing_lines": 0, "excluded_lines": 0}, "missing_lines": [], "excluded_lines": []}, "ConfigLoader.load": {"executed_lines": [183, 184, 187, 188, 189, 190, 193, 196, 197, 198, 199, 201], "summary": {"covered_lines": 12, "num_statements": 12, "percent_covered": 100.0, "percent_covered_display": "100", "missing_lines": 0, "excluded_lines": 0}, "missing_lines": [], "excluded_lines": []}, "load_config": {"executed_lines": [215, 216], "summary": {"covered_lines": 2, "num_statements": 2, "percent_covered": 100.0, "percent_covered_display": "100", "missing_lines": 0, "excluded_lines": 0}, "missing_lines": [], "excluded_lines": []}, "": {"executed_lines": [1, 5, 6, 7, 9, 10, 12, 15, 16, 24, 60, 70, 93, 171, 204], "summary": {"covered_lines": 13, "num_statements": 13, "percent_covered": 100.0, "percent_covered_display": "100", "missing_lines": 0, "excluded_lines": 0}, "missing_lines": [], "excluded_lines": []}}, "classes": {"ConfigLoader": {"executed_lines": [35, 38, 43, 44, 47, 48, 50, 53, 54, 55, 62, 63, 65, 66, 68, 79, 81, 82, 87, 89, 91, 108, 109, 110, 111, 114, 115, 118, 119, 122, 123, 128, 129, 132, 133, 136, 137, 142, 143, 144, 145, 148, 149, 152, 153, 158, 159, 164, 165, 169, 183, 184, 187, 188, 189, 190, 193, 196, 197, 198, 199, 201], "summary": {"covered_lines": 62, "num_statements": 64, "percent_covered": 96.875, "percent_covered_display": "97", "missing_lines": 2, "excluded_lines": 0}, "missing_lines": [40, 41], "excluded_lines": []}, "": {"executed_lines": [1, 5, 6, 7, 9, 10, 12, 15, 16, 24, 60, 70, 93, 171, 204, 215, 216], "summary": {"covered_lines": 15, "num_statements": 15, "percent_covered": 100.0, "percent_covered_display": "100", "missing_lines": 0, "excluded_lines": 0}, "missing_lines": [], "excluded_lines": []}}}, "src/crypto_bot/config/schemas.py": {"executed_lines": [1, 5, 7, 10, 11, 13, 14, 15, 18, 19, 21, 22, 23, 24, 25, 26, 27, 28, 29, 30, 33, 34, 36, 37, 38, 39, 40, 41, 42, 45, 46, 48, 49, 50, 51, 52, 55, 56, 58, 59, 60, 63, 64, 66, 67, 68, 69, 70, 73, 74, 76, 77, 80, 81, 83, 84, 85, 86, 87, 88, 91, 92, 94, 95, 98, 99, 101, 102, 105, 106, 108, 109, 112, 113, 115, 116, 117, 118, 119, 122, 123, 125, 126, 127, 128, 129, 131, 132, 133, 135, 140, 141, 143, 144, 145, 148, 149, 151, 152, 153, 154, 157, 158, 160, 163, 166, 169, 170, 172, 173, 176, 177, 179, 180, 181, 182, 183, 184, 185, 186, 187, 188, 189], "summary": {"covered_lines": 104, "num_statements": 104, "percent_covered": 100.0, "percent_covered_display": "100", "missing_lines": 0, "excluded_lines": 0}, "missing_lines": [], "excluded_lines": [], "functions": {"LoggingConfi
[...]
_display": "100", "missing_lines": 0, "excluded_lines": 0}, "missing_lines": [], "excluded_lines": []}, "Strategy": {"executed_lines": [], "summary": {"covered_lines": 0, "num_statements": 0, "percent_covered": 100.0, "percent_covered_display": "100", "missing_lines": 0, "excluded_lines": 23}, "missing_lines": [], "excluded_lines": [39, 40, 41, 42, 43, 44, 45, 46, 47, 48, 54, 55, 56, 57, 58, 59, 60, 61, 62, 63, 67, 68, 69]}, "": {"executed_lines": [1, 3, 4, 5, 8, 9, 10, 19, 20, 21, 24, 25, 35, 37, 38, 50, 51, 65, 66], "summary": {"covered_lines": 11, "num_statements": 11, "percent_covered": 100.0, "percent_covered_display": "100", "missing_lines": 0, "excluded_lines": 8}, "missing_lines": [], "excluded_lines": [37, 38, 50, 51, 52, 53, 65, 66]}}}, "src/crypto_bot/plugins/strategies/loader.py": {"executed_lines": [1, 3, 4, 5, 7, 9, 12, 15, 16, 29, 30, 32, 34, 35, 42, 43, 48, 49, 50, 51, 52, 57, 60, 61, 63, 73, 79, 80, 84, 87, 88, 95, 97, 98, 100, 101, 105, 106], "summary": {"covered_lines": 38, "num_statements": 50, "percent_covered": 76.0, "percent_covered_display": "76", "missing_lines": 12, "excluded_lines": 0}, "missing_lines": [36, 38, 39, 40, 64, 65, 66, 71, 74, 78, 89, 93], "excluded_lines": [], "functions": {"discover_strategies": {"executed_lines": [29, 30, 32, 34, 35, 42, 43, 48, 49, 50, 51, 52, 57, 60, 61, 63, 73, 79, 80, 84, 87, 88, 95, 97, 98, 100, 101, 105, 106], "summary": {"covered_lines": 29, "num_statements": 41, "percent_covered": 70.73170731707317, "percent_covered_display": "71", "missing_lines": 12, "excluded_lines": 0}, "missing_lines": [36, 38, 39, 40, 64, 65, 66, 71, 74, 78, 89, 93], "excluded_lines": []}, "": {"executed_lines": [1, 3, 4, 5, 7, 9, 12, 15, 16], "summary": {"covered_lines": 9, "num_statements": 9, "percent_covered": 100.0, "percent_covered_display": "100", "missing_lines": 0, "excluded_lines": 0}, "missing_lines": [], "excluded_lines": []}}, "classes": {"": {"executed_lines": [1, 3, 4, 5, 7, 9, 12, 15, 16, 29, 30, 32, 34, 35, 42, 43, 48, 49, 50, 51, 52, 57, 60, 61, 63, 73, 79, 80, 84, 87, 88, 95, 97, 98, 100, 101, 105, 106], "summary": {"covered_lines": 38, "num_statements": 50, "percent_covered": 76.0, "percent_covered_display": "76", "missing_lines": 12, "excluded_lines": 0}, "missing_lines": [36, 38, 39, 40, 64, 65, 66, 71, 74, 78, 89, 93], "excluded_lines": []}}}, "src/crypto_bot/plugins/strategies/macd_crossover.py": {"executed_lines": [1, 3, 13, 14, 16, 18, 20, 23, 24, 25, 26, 27, 28, 31, 32, 34, 36, 37, 38, 39, 41, 43, 47, 50, 52, 55, 56, 63, 66, 67, 71, 72, 74, 77, 81, 82, 84, 93, 106, 114, 118], "summary": {"covered_lines": 40, "num_statements": 49, "percent_covered": 81.63265306122449, "percent_covered_display": "82", "missing_lines": 9, "excluded_lines": 0}, "missing_lines": [42, 44, 51, 53, 95, 96, 101, 108, 119], "excluded_lines": [], "functions": {"MACDCrossover.validate_parameters": {"executed_lines": [37, 38, 39, 41, 43], "summary": {"covered_lines": 5, "num_statements": 7, "percent_covered": 71.42857142857143, "percent_covered_display": "71", "missing_lines": 2, "excluded_lines": 0}, "missing_lines": [42, 44], "excluded_lines": []}, "MACDCrossover.generate_signal": {"executed_lines": [50, 52, 55, 56, 63, 66, 67, 71, 72, 74, 77, 81, 82, 84, 93, 106, 114], "summary": {"covered_lines": 17, "num_statements": 23, "percent_covered": 73.91304347826087, "percent_covered_display": "74", "missing_lines": 6, "excluded_lines": 0}, "missing_lines": [51, 53, 95, 96, 101, 108], "excluded_lines": []}, "MACDCrossover.reset_state": {"executed_lines": [], "summary": {"covered_lines": 0, "num_statements": 1, "percent_covered": 0.0, "percent_covered_display": "0", "missing_lines": 1, "excluded_lines": 0}, "missing_lines": [119], "excluded_lines": []}, "": {"executed_lines": [1, 3, 13, 14, 16, 18, 20, 23, 24, 25, 26, 27, 28, 31, 32, 34, 36, 47, 118], "summary": {"covered_lines": 18, "num_statements": 18, "percent_covered": 100.0, "percent_covered_display": "100", "missing_lines": 0, "excluded_lines": 0}, "missing_lines": [], "excluded_lines": []}}, "classes": {"_MACDParams": {"executed_lines": [], "summary": {"covered_lines": 0, "num_statements": 0, "percent_covered": 100.0, "percent_covered_display": "100", "missing_lines": 0, "excluded_lines": 0}, "missing_lines": [], "excluded_lines": []}, "MACDCrossover": {"executed_lines": [37, 38, 39, 41, 43, 50, 52, 55, 56, 63, 66, 67, 71, 72, 74, 77, 81, 82, 84, 93, 106, 114], "summary": {"covered_lines": 22, "num_statements": 31, "percent_covered": 70.96774193548387, "percent_covered_display": "71", "missing_lines": 9, "excluded_lines": 0}, "missing_lines": [42, 44, 51, 53, 95, 96, 101, 108, 119], "excluded_lines": []}, "": {"executed_lines": [1, 3, 13, 14, 16, 18, 20, 23, 24, 25, 26, 27, 28, 31, 32, 34, 36, 47, 118], "summary": {"covered_lines": 18, "num_statements": 18, "percent_covered": 100.0, "percent_covered_display": "100", "missing_lines": 0, "excluded_lines": 0}, "missing_lines": [], "excluded_lines": []}}}, "src/crypto_bot/plugins/strategies/rsi_mean_reversion.py": {"executed_lines": [1, 3, 15, 16, 18, 20, 22, 25, 26, 27, 28, 29, 30, 31, 32, 33, 34, 35, 38, 39, 53, 55, 57, 60, 67, 68, 69, 70, 71, 73, 74, 75, 78, 80, 82, 84, 86, 88, 90, 92, 94, 98, 111, 113, 117, 120, 139, 140, 143, 144, 149, 154, 155, 158, 160, 163, 166, 170, 187, 193, 200, 206, 213, 218], "summary": {"covered_lines": 63, "num_statements": 80, "percent_covered": 78.75, "percent_covered_display": "79", "missing_lines": 17, "excluded_lines": 0}, "missing_lines": [79, 81, 83, 85, 87, 89, 91, 93, 95, 112, 114, 150, 188, 194, 201, 207, 220], "excluded_lines": [], "functions": {"RSIMeanReversion.__init__": {"executed_lines": [57], "summary": {"covered_lines": 1, "num_statements": 1, "percent_covered": 100.0, "percent_covered_display": "100", "missing_lines": 0, "excluded_lines": 0}, "missing_lines": [], "excluded_lines": []}, "RSIMeanReversion.validate_parameters": {"executed_lines": [67, 68, 69, 70, 71, 73, 74, 75, 78, 80, 82, 84, 86, 88, 90, 92, 94], "summary": {"covered_lines": 17, "num_statements": 26, "percent_covered": 65.38461538461539, "percent_covered_display": "65", "missing_lines": 9, "excluded_lines": 0}, "missing_lines": [79, 81, 83, 85, 87, 89, 91, 93, 95], "excluded_lines": []}, "RSIMeanReversion.generate_signal": {"executed_lines": [111, 113, 117, 120, 139, 140, 143, 144, 149, 154, 155, 158, 160, 163, 166, 170, 187, 193, 200, 206, 213], "summary": {"covered_lines": 21, "num_statements": 28, "percent_covered": 75.0, "percent_covered_display": "75", "missing_lines": 7, "excluded_lines": 0}, "missing_lines": [112, 114, 150, 188, 194, 201, 207], "excluded_lines": []}, "RSIMeanReversion.reset_state": {"executed_lines": [], "summary": {"covered_lines": 0, "num_statements": 1, "percent_covered": 0.0, "percent_covered_display": "0", "missing_lines": 1, "excluded_lines": 0}, "missing_lines": [220], "excluded_lines": []}, "": {"executed_lines": [1, 3, 15, 16, 18, 20, 22, 25, 26, 27, 28, 29, 30, 31, 32, 33, 34, 35, 38, 39, 53, 55, 60, 98, 218], "summary": {"covered_lines": 24, "num_statements": 24, "percent_covered": 100.0, "percent_covered_display": "100", "missing_lines": 0, "excluded_lines": 0}, "missing_lines": [], "excluded_lines": []}}, "classes": {"_ValidatedParams": {"executed_lines": [], "summary": {"covered_lines": 0, "num_statements": 0, "percent_covered": 100.0, "percent_covered_display": "100", "missing_lines": 0, "excluded_lines": 0}, "missing_lines": [], "excluded_lines": []}, "RSIMeanReversion": {"executed_lines": [57, 67, 68, 69, 70, 71, 73, 74, 75, 78, 80, 82, 84, 86, 88, 90, 92, 94, 111, 113, 117, 120, 139, 140, 143, 144, 149, 154, 155, 158, 160, 163, 166, 170, 187, 193, 200, 206, 213], "summary": {"covered_lines": 39, "num_statements": 56, "percent_covered": 69.64285714285714, "percent_covered_display": "70", "missing_lines": 17, "excluded_lines": 0}, "missing_lines": [79, 81, 83, 85, 87, 89, 91, 93, 95, 112, 114, 150, 188, 194, 201, 207, 220], "excluded_lines": []}, "": {"executed_lines": [1, 3, 15, 16, 18, 20, 22, 25, 26, 27, 28, 29, 30, 31, 32, 33, 34, 35, 38, 39, 53, 55, 60, 98, 218], "summary": {"covered_lines": 24, "num_statements": 24, "percent_covered": 100.0, "percent_covered_display": "100", "missing_lines": 0, "excluded_lines": 0}, "missing_lines": [], "excluded_lines": []}}}, "src/crypto_bot/utils/__init__.py": {"executed_lines": [1], "summary": {"covered_lines": 0, "num_statements": 0, "percent_covered": 100.0, "percent_covered_display": "100", "missing_lines": 0, "excluded_lines": 0}, "missing_lines": [], "excluded_lines": [], "functions": {"": {"executed_lines": [1], "summary": {"covered_lines": 0, "num_statements": 0, "percent_covered": 100.0, "percent_covered_display": "100", "missing_lines": 0, "excluded_lines": 0}, "missing_lines": [], "excluded_lines": []}}, "classes": {"": {"executed_lines": [1], "summary": {"covered_lines": 0, "num_statements": 0, "percent_covered": 100.0, "percent_covered_display": "100", "missing_lines": 0, "excluded_lines": 0}, "missing_lines": [], "excluded_lines": []}}}, "src/crypto_bot/utils/logger.py": {"executed_lines": [1, 7, 8, 9, 10, 11, 12, 14, 35, 36, 37, 38, 39, 40, 43, 44, 56, 59, 60, 61, 64, 66, 67, 71, 77, 81, 84, 86], "summary": {"covered_lines": 27, "num_statements": 28, "percent_covered": 96.42857142857143, "percent_covered_display": "96", "missing_lines": 1, "excluded_lines": 0}, "missing_lines": [72], "excluded_lines": [], "functions": {"_RedactingFormatter.format": {"executed_lines": [37, 38, 39, 40], "summary": {"covered_lines": 4, "num_statements": 4, "percent_covered": 100.0, "percent_covered_display": "100", "missing_lines": 0, "excluded_lines": 0}, "missing_lines": [], "excluded_lines": []}, "get_logger": {"executed_lines": [56, 59, 60, 61, 64, 66, 67, 71, 77, 81, 84, 86], "summary": {"covered_lines": 12, "num_statements": 13, "percent_covered": 92.3076923076923, "percent_covered_display": "92", "missing_lines": 1, "excluded_lines": 0}, "missing_lines": [72], "excluded_lines": []}, "": {"executed_lines": [1, 7, 8, 9, 10, 11, 12, 14, 35, 36, 43, 44], "summary": {"covered_lines": 11, "num_statements": 11, "percent_covered": 100.0, "percent_covered_display": "100", "missing_lines": 0, "excluded_lines": 0}, "missing_lines": [], "excluded_lines": []}}, "classes": {"_RedactingFormatter": {"executed_lines": [37, 38, 39, 40], "summary": {"covered_lines": 4, "num_statements": 4, "percent_covered": 100.0, "percent_covered_display": "100", "missing_lines": 0, "excluded_lines": 0}, "missing_lines": [], "excluded_lines": []}, "": {"executed_lines": [1, 7, 8, 9, 10, 11, 12, 14, 35, 36, 43, 44, 56, 59, 60, 61, 64, 66, 67, 71, 77, 81, 84, 86], "summary": {"covered_lines": 23, "num_statements": 24, "percent_covered": 95.83333333333333, "percent_covered_display": "96", "missing_lines": 1, "excluded_lines": 0}, "missing_lines": [72], "excluded_lines": []}}}, "src/crypto_bot/utils/rate_limiter.py": {"executed_lines": [1, 7, 8, 9, 10, 13, 14, 15, 16, 17, 18, 19, 21, 22, 23, 24, 25, 26, 27, 29, 30, 31, 32, 35, 36, 37, 39, 40, 41, 42, 43, 45], "summary": {"covered_lines": 31, "num_statements": 31, "percent_covered": 100.0, "percent_covered_display": "100", "missing_lines": 0, "excluded_lines": 0}, "missing_lines": [], "excluded_lines": [], "functions": {"AsyncTokenBucket.__init__": {"executed_lines": [15, 16, 17, 18, 19], "summary": {"covered_lines": 5, "num_statements": 5, "percent_covered": 100.0, "percent_covered_display": "100", "missing_lines": 0, "excluded_lines": 0}, "missing_lines": [], "excluded_lines": []}, "AsyncTokenBucket.acquire": {"executed_lines": [22, 23, 24, 25, 26, 27, 29, 30, 31, 32], "summary": {"covered_lines": 10, "num_statements": 10, "percent_covered": 100.0, "percent_covered_display": "100", "missing_lines": 0, "excluded_lines": 0}, "missing_lines": [], "excluded_lines": []}, "ConcurrencyGuard.__init__": {"executed_lines": [37], "summary": {"covered_lines": 1, "num_statements": 1, "percent_covered": 100.0, "percent_covered_display": "100", "missing_lines": 0, "excluded_lines": 0}, "missing_lines": [], "excluded_lines": []}, "ConcurrencyGuard.limit": {"executed_lines": [41, 42, 43, 45], "summary": {"covered_lines": 4, "num_statements": 4, "percent_covered": 100.0, "percent_covered_display": "100", "missing_lines": 0, "excluded_lines": 0}, "missing_lines": [], "excluded_lines": []}, "": {"executed_lines": [1, 7, 8, 9, 10, 13, 14, 21, 35, 36, 39, 40], "summary": {"covered_lines": 11, "num_statements": 11, "percent_covered": 100.0, "percent_covered_display": "100", "missing_lines": 0, "excluded_lines": 0}, "missing_lines": [], "excluded_lines": []}}, "classes": {"AsyncTokenBucket": {"executed_lines": [15, 16, 17, 18, 19, 22, 23, 24, 25, 26, 27, 29, 30, 31, 32], "summary": {"covered_lines": 15, "num_statements": 15, "percent_covered": 100.0, "percent_covered_display": "100", "missing_lines": 0, "excluded_lines": 0}, "missing_lines": [], "excluded_lines": []}, "ConcurrencyGuard": {"executed_lines": [37, 41, 42, 43, 45], "summary": {"covered_lines": 5, "num_statements": 5, "percent_covered": 100.0, "percent_covered_display": "100", "missing_lines": 0, "excluded_lines": 0}, "missing_lines": [], "excluded_lines": []}, "": {"executed_lines": [1, 7, 8, 9, 10, 13, 14, 21, 35, 36, 39, 40], "summary": {"covered_lines": 11, "num_statements": 11, "percent_covered": 100.0, "percent_covered_display": "100", "missing_lines": 0, "excluded_lines": 0}, "missing_lines": [], "excluded_lines": []}}}, "src/crypto_bot/utils/structured_logger.py": {"executed_lines": [1, 8, 9, 10, 11, 12, 13, 15, 16, 17, 28, 49, 64, 65, 66, 67, 68, 71, 72, 73, 74, 75, 76, 78, 81, 91, 92, 94, 95, 96, 99, 102, 124, 127, 141, 142, 148, 156, 157, 160, 163, 164, 165, 167, 176, 177, 180, 181, 182, 184, 186, 189, 192, 194, 200, 202, 211, 212, 216, 229, 232, 233, 243, 246, 247, 250, 251, 252, 253, 256, 257, 259, 261, 263, 269, 271, 272, 283, 284, 285, 286, 288, 292, 295, 317, 318, 327, 330, 337, 339, 340, 343, 344, 345, 346, 348, 350], "summary": {"covered_lines": 96, "num_statements": 97, "percent_covered": 98.96907216494846, "percent_covered_display": "99", "missing_lines": 1, "excluded_lines": 0}, "missing_lines": [144], "excluded_lines": [], "functions": {"_redact_sensitive_data": {"executed_lines": [64, 65, 66, 67, 68, 71, 72, 73, 74, 75, 76, 78], "summary": {"covered_lines": 12, "num_statements": 12, "percent_covered": 100.0, "percent_covered_display": "100", "missing_lines": 0, "excluded_lines": 0}, "missing_lines": [], "excluded_lines": []}, "_parse_size": {"executed_lines": [91, 92, 94, 95, 96, 99], "summary": {"covered_lines": 6, "num_statements": 6, "percent_covered": 100.0, "percent_covered_display": "100", "missing_lines": 0, "excluded_lines": 0}, "missing_lines": [], "excluded_lines": []}, "configure_structlog": {"executed_lines": [124, 127, 141, 142, 148, 156, 157, 160, 163, 164, 165, 167, 176, 177, 180, 181, 182, 184, 186, 189, 192, 194, 200, 202, 211, 212, 216], "summary": {"covered_lines": 27, "num_statements": 28, "percent_covered": 96.42857142857143, "percent_covered_display": "96", "missing_lines": 1, "excluded_lines": 0}, "missing_lines": [144], "excluded_lines": []}, "get_logger": {"executed_lines": [243, 246, 247, 250, 251, 252, 253, 256, 257, 259, 261, 263, 269, 271, 272, 283, 284, 285, 286, 288], "summary": {"covered_lines": 20, "num_statements": 20, "percent_covered": 100.0, "percent_covered_display": "100", "missing_lines": 0, "excluded_lines": 0}, "missing_lines": [], "excluded_lines": []}, "initialize_logging": {"executed_lines": [317, 318, 327], "summary": {"covered_lines": 3, "num_statements": 3, "percent_covered": 100.0, "percent_covered_display": "100", "missing_lines": 0, "excluded_lines": 0}, "missing_lines": [], "excluded_lines": []}, "initialize_from_config": {"executed_lines": [337, 339, 340, 343, 344, 345, 346, 348, 350], "summary": {"covered_lines": 9, "num_statements": 9, "percent_covered": 100.0, "percent_covered_display": "100", "missing_lines": 0, "excluded_lines": 0}, "missing_lines": [], "excluded_lines": []}, "": {"executed_lines": [1, 8, 9, 10, 11, 12, 13, 15, 16, 17, 28, 49, 81, 102, 229, 232, 233, 292, 295, 330], "summary": {"covered_lines": 19, "num_statements": 19, "percent_covered": 100.0, "percent_covered_display": "100", "missing_lines": 0, "excluded_lines": 0}, "missing_lines": [], "excluded_lines": []}}, "classes": {"": {"executed_lines": [1, 8, 9, 10, 11, 12, 13, 15, 16, 17, 28, 49, 64, 65, 66, 67, 68, 71, 72, 73, 74, 75, 76, 78, 81, 91, 92, 94, 95, 96, 99, 102, 124, 127, 141, 142, 148, 156, 157, 160, 163, 164, 165, 167, 176, 177, 180, 181, 182, 184, 186, 189, 192, 194, 200, 202, 211, 212, 216, 229, 232, 233, 243, 246, 247, 250, 251, 252, 253, 256, 257, 259, 261, 263, 269, 271, 272, 283, 284, 285, 286, 288, 292, 295, 317, 318, 327, 330, 337, 339, 340, 343, 344, 345, 346, 348, 350], "summary": {"covered_lines": 96, "num_statements": 97, "percent_covered": 98.96907216494846, "percent_covered_display": "99", "missing_lines": 1, "excluded_lines": 0}, "missing_lines": [144], "excluded_lines": []}}}, "src/crypto_bot/utils/system_events.py": {"executed_lines": [1, 8, 10, 12, 15, 30, 40, 53, 62, 79, 90, 103, 104, 106, 116, 129, 130, 132, 142, 155, 162, 177, 178, 180, 182], "summary": {"covered_lines": 24, "num_statements": 24, "percent_covered": 100.0, "percent_covered_display": "100", "missing_lines": 0, "excluded_lines": 0}, "missing_lines": [], "excluded_lines": [], "functions": {"log_startup": {"executed_lines": [30], "summary": {"covered_lines": 1, "num_statements": 1, "percent_covered": 100.0, "percent_covered_display": "100", "missing_lines": 0, "excluded_lines": 0}, "missing_lines": [], "excluded_lines": []}, "log_shutdown": {"executed_lines": [53], "summary": {"covered_lines": 1, "num_statements": 1, "percent_covered": 100.0, "percent_covered_display": "100", "missing_lines": 0, "excluded_lines": 0}, "missing_lines": [], "excluded_lines": []}, "log_config_change": {"executed_lines": [79], "summary": {"covered_lines": 1, "num_statements": 1, "percent_covered": 100.0, "percent_covered_display": "100", "missing_lines": 0, "excluded_lines": 0}, "missing_lines": [], "excluded_lines": []}, "log_error": {"executed_lines": [103, 104, 106], "summary": {"covered_lines": 3, "num_statements": 3, "percent_covered": 100.0, "percent_covered_display": "100", "missing_lines": 0, "excluded_lines": 0}, "missing_lines": [], "excluded_lines": []}, "log_critical_error": {"executed_lines": [129, 130, 132], "summary": {"covered_lines": 3, "num_statements": 3, "percent_covered": 100.0, "percent_covered_display": "100", "missing_lines": 0, "excluded_lines": 0}, "missing_lines": [], "excluded_lines": []}, "log_system_event": {"executed_lines": [155], "summary": {"covered_lines": 1, "num_statements": 1, "percent_covered": 100.0, "percent_covered_display": "100", "missing_lines": 0, "excluded_lines": 0}, "missing_lines": [], "excluded_lines": []}, "log_exception_with_context": {"executed_lines": [177, 178, 180, 182], "summary": {"covered_lines": 4, "num_statements": 4, "percent_covered": 100.0, "percent_covered_display": "100", "missing_lines": 0, "excluded_lines": 0}, "missing_lines": [], "excluded_lines": []}, "": {"executed_lines": [1, 8, 10, 12, 15, 40, 62, 90, 116, 142, 162], "summary": {"covered_lines": 10, "num_statements": 10, "percent_covered": 100.0, "percent_covered_display": "100", "missing_lines": 0, "excluded_lines": 0}, "missing_lines": [], "excluded_lines": []}}, "classes": {"": {"executed_lines": [1, 8, 10, 12, 15, 30, 40, 53, 62, 79, 90, 103, 104, 106, 116, 129, 130, 132, 142, 155, 162, 177, 178, 180, 182], "summary": {"covered_lines": 24, "num_statements": 24, "percent_covered": 100.0, "percent_covered_display": "100", "missing_lines": 0, "excluded_lines": 0}, "missing_lines": [], "excluded_lines": []}}}}, "totals": {"covered_lines": 3502, "num_statements": 4295, "percent_covered": 81.53667054714785, "percent_covered_display": "82", "missing_lines": 793, "excluded_lines": 1221}}